#
# A fatal error has been detected by the Java Runtime Environment:
#
#  EXCEPTION_ACCESS_VIOLATION (0xc0000005) at pc=0x00000159caec0504, pid=3040, tid=14264
#
# JRE version: Java(TM) SE Runtime Environment (18.0.1.1+2) (build 18.0.1.1+2-6)
# Java VM: Java HotSpot(TM) 64-Bit Server VM (18.0.1.1+2-6, mixed mode, sharing, tiered, compressed oops, compressed class ptrs, g1 gc, windows-amd64)
# Problematic frame:
# v  ~BufferBlob::MethodHandles adapters
#
# No core dump will be written. Minidumps are not enabled by default on client versions of Windows
#
# If you would like to submit a bug report, please visit:
#   https://bugreport.java.com/bugreport/crash.jsp
#

---------------  S U M M A R Y ------------

Command Line: -XX:+ShowCodeDetailsInExceptionMessages -agentlib:jdwp=transport=dt_socket,suspend=y,address=localhost:54719 -javaagent:C:\Users\vvpro\eclipse\java-2022-03\eclipse\configuration\org.eclipse.osgi\225\0\.cp\lib\javaagent-shaded.jar -Dfile.encoding=UTF-8 com.example.apigateway.ApigatewayApplication

Host: AMD Ryzen 3 3300X 4-Core Processor             , 8 cores, 7G,  Windows 11 , 64 bit Build 22621 (10.0.22621.1928)
Time: Sun Jul 30 14:31:12 2023 Hora oficial do Brasil elapsed time: 714.708592 seconds (0d 0h 11m 54s)

---------------  T H R E A D  ---------------

Current thread (0x00000159ec607660):  JavaThread "scheduling-1" [_thread_in_Java, id=14264, stack(0x0000000864a00000,0x0000000864b00000)]

Stack: [0x0000000864a00000,0x0000000864b00000],  sp=0x0000000864afeaa8,  free space=1018k
Native frames: (J=compiled Java code, j=interpreted, Vv=VM code, C=native code)
C  0x00000159caec0504


siginfo: EXCEPTION_ACCESS_VIOLATION (0xc0000005), reading address 0x00000008e2700cba


Register to memory mapping:

RIP=0x00000159caec0504 is at begin+45 in a stub
MethodHandle::interpreter_entry::_linkToVirtual [0x00000159caec04d7, 0x00000159caec052a] (83 bytes)
RAX=0x00000159cae89efa is at code_begin+3482 in an Interpreter codelet
return entry points  [0x00000159cae89160, 0x00000159cae8b380]  8736 bytes
RBX=0x000000008423fee0 is an oop: com.example.apigateway.schedule.ApigatewaySchedule 
{0x000000008423fee0} - klass: 'com/example/apigateway/schedule/ApigatewaySchedule'
 - ---- fields (total size 2 words):
 - private 'service' 'Lcom/example/apigateway/service/ApigatewayService;' @12  a 'com/example/apigateway/service/ApigatewayService'{0x0000000082c90d30} (82c90d30)
RCX=0x0000000864afeab0 is pointing into the stack for thread: 0x00000159ec607660
RDX=0x0000000000000002 is an unknown value
RSP=0x0000000864afeaa8 is pointing into the stack for thread: 0x00000159ec607660
RBP=0x0000000864afeaf8 is pointing into the stack for thread: 0x00000159ec607660
RSI=0x00000159ea724208 points into unknown readable memory: 0x80001872f3f8a713 | 13 a7 f8 f3 72 18 00 80
RDI=0x00000159e63a4910 points into unknown readable memory: 0x0000001800000060 | 60 00 00 00 18 00 00 00
R8 =0x0000000000000004 is an unknown value
R9 =0x0000000000000004 is an unknown value
R10=0x00000008e2700aba is an unknown value
R11=0x0000000000000009 is an unknown value
R12=0x0 is NULL
R13=0x0000000864afeaa8 is pointing into the stack for thread: 0x00000159ec607660
R14=0x0000000864afeb18 is pointing into the stack for thread: 0x00000159ec607660
R15=0x00000159ec607660 is a thread


Registers:
RAX=0x00000159cae89efa, RBX=0x000000008423fee0, RCX=0x0000000864afeab0, RDX=0x0000000000000002
RSP=0x0000000864afeaa8, RBP=0x0000000864afeaf8, RSI=0x00000159ea724208, RDI=0x00000159e63a4910
R8 =0x0000000000000004, R9 =0x0000000000000004, R10=0x00000008e2700aba, R11=0x0000000000000009
R12=0x0000000000000000, R13=0x0000000864afeaa8, R14=0x0000000864afeb18, R15=0x00000159ec607660
RIP=0x00000159caec0504, EFLAGS=0x0000000000010202

Top of Stack: (sp=0x0000000864afeaa8)
0x0000000864afeaa8:   00000159cae89efa 0000000864afeab0
0x0000000864afeab8:   00000159e2700aba 0000000864afeb18
0x0000000864afeac8:   00000159e2700be8 00000159e2700ec0
0x0000000864afead8:   00000000817a74a0 00000159e2700ac8
0x0000000864afeae8:   0000000864afeaa8 0000000864afeb20
0x0000000864afeaf8:   0000000864aff0e8 00000159cc6f5216
0x0000000864afeb08:   0000000088a29418 000000008423fee0
0x0000000864afeb18:   0000000088a29590 0000000088a29848
0x0000000864afeb28:   0000000000000000 0000000082c12198
0x0000000864afeb38:   0000000082c12198 0000000088a29820
0x0000000864afeb48:   000000008423fee0 0000000088a29740
0x0000000864afeb58:   0000000088a29590 000000008423fee0
0x0000000864afeb68:   00000159cc6f5114 0000000864aff0e8
0x0000000864afeb78:   00000159cc8493d6 0000000084315a90
0x0000000864afeb88:   0000000864afed00 0000000000000bb7
0x0000000864afeb98:   0000000000000000 00000159ec607b00 

Instructions: (pc=0x00000159caec0504)
0x00000159caec0404:   00 00 00 00 01 00 00 00 00 00 00 00 a8 27 09 ab
0x00000159caec0414:   fb 7f 00 00 00 00 00 00 10 10 00 00 68 00 00 00
0x00000159caec0424:   ff ff ff ff 10 10 00 00 00 00 00 00 80 04 ec ca
0x00000159caec0434:   59 01 00 00 20 14 ec ca 59 01 00 00 80 04 ec ca
0x00000159caec0444:   59 01 00 00 20 14 ec ca 59 01 00 00 78 04 ec ca
0x00000159caec0454:   59 01 00 00 78 04 ec ca 59 01 00 00 00 00 00 00
0x00000159caec0464:   00 00 00 00 00 00 00 00 00 00 00 00 68 28 09 ab
0x00000159caec0474:   fb 7f 00 00 00 00 00 00 00 00 00 00 f4 66 66 66
0x00000159caec0484:   0f 1f 84 00 00 00 00 00 66 66 0f 1f 84 00 00 00
0x00000159caec0494:   00 00 66 66 0f 1f 84 00 00 00 00 00 48 8b 53 08
0x00000159caec04a4:   0f b7 52 2c 48 8b 0c d4 8b 59 14 8b 5b 28 8b 5b
0x00000159caec04b4:   24 48 8b 5b 10 48 85 db 0f 84 10 00 00 00 41 80
0x00000159caec04c4:   bf 80 04 00 00 00 74 03 ff 63 38 ff 63 50 e9 29
0x00000159caec04d4:   16 00 00 66 0f 1f 84 00 00 00 00 00 48 8b 53 08
0x00000159caec04e4:   0f b7 52 2c 48 8b 0c d4 58 5b 50 44 8b 51 08 49
0x00000159caec04f4:   bb 00 00 00 00 08 00 00 00 4d 03 d3 4c 8b 5b 10
0x00000159caec0504:   4b 8b 9c da b8 01 00 00 48 85 db 0f 84 10 00 00
0x00000159caec0514:   00 41 80 bf 80 04 00 00 00 74 03 ff 63 38 ff 63
0x00000159caec0524:   50 e9 d6 15 00 00 66 66 66 0f 1f 84 00 00 00 00
0x00000159caec0534:   00 66 66 66 0f 1f 84 00 00 00 00 00 58 5b 50 8b
0x00000159caec0544:   5b 24 48 8b 5b 10 48 85 db 0f 84 10 00 00 00 41
0x00000159caec0554:   80 bf 80 04 00 00 00 74 03 ff 63 38 ff 63 50 e9
0x00000159caec0564:   98 15 00 00 66 66 66 0f 1f 84 00 00 00 00 00 0f
0x00000159caec0574:   1f 80 00 00 00 00 66 0f 1f 44 00 00 48 8b 53 08
0x00000159caec0584:   0f b7 52 2c 48 8b 0c d4 58 5b 50 48 3b 01 8b 5b
0x00000159caec0594:   24 48 8b 5b 10 48 85 db 0f 84 10 00 00 00 41 80
0x00000159caec05a4:   bf 80 04 00 00 00 74 03 ff 63 38 ff 63 50 e9 49
0x00000159caec05b4:   15 00 00 66 0f 1f 84 00 00 00 00 00 48 8b 53 08
0x00000159caec05c4:   0f b7 52 2c 48 8b 0c d4 58 5b 50 44 8b 51 08 49
0x00000159caec05d4:   bb 00 00 00 00 08 00 00 00 4d 03 d3 8b 43 18 48
0x00000159caec05e4:   8b 40 10 48 8b 5b 10 45 8b 9a a0 00 00 00 4f 8d
0x00000159caec05f4:   9c da b8 01 00 00 4d 8d 14 da 49 8b 1b 48 3b c3 


Stack slot to memory mapping:
stack at sp + 0 slots: 0x00000159cae89efa is at code_begin+3482 in an Interpreter codelet
return entry points  [0x00000159cae89160, 0x00000159cae8b380]  8736 bytes
stack at sp + 1 slots: 0x0000000864afeab0 is pointing into the stack for thread: 0x00000159ec607660
stack at sp + 2 slots: 0x00000159e2700aba is pointing into metadata
stack at sp + 3 slots: 0x0000000864afeb18 is pointing into the stack for thread: 0x00000159ec607660
stack at sp + 4 slots: 0x00000159e2700be8 is pointing into metadata
stack at sp + 5 slots: 0x00000159e2700ec0 is pointing into metadata
stack at sp + 6 slots: 0x00000000817a74a0 is an oop: java.lang.Class 
{0x00000000817a74a0} - klass: 'java/lang/Class'
 - ---- fields (total size 15 words):
 - private volatile transient 'classRedefinedCount' 'I' @12  0
 - abstract internal 'klass' 'J' @16  34374584320 (e28800 8)
 - abstract internal 'array_klass' 'J' @24  0 (0 0)
 - abstract internal 'oop_size' 'I' @32  15 (f)
 - abstract internal 'static_oop_field_count' 'I' @36  1
 - private volatile transient 'cachedConstructor' 'Ljava/lang/reflect/Constructor;' @40  NULL (0)
 - private transient 'name' 'Ljava/lang/String;' @44  NULL (0)
 - private transient 'module' 'Ljava/lang/Module;' @48  a 'java/lang/Module'{0x00000000812bb0b8} (812bb0b8)
 - private final 'classLoader' 'Ljava/lang/ClassLoader;' @52  NULL (0)
 - private transient 'classData' 'Ljava/lang/Object;' @56  a 'java/util/ImmutableCollections$List12'{0x0000000081c48860} (81c48860)
 - private transient 'packageName' 'Ljava/lang/String;' @60  NULL (0)
 - private final 'componentType' 'Ljava/lang/Class;' @64  NULL (0)
 - private volatile transient 'reflectionData' 'Ljava/lang/ref/SoftReference;' @68  NULL (0)
 - private volatile transient 'genericInfo' 'Lsun/reflect/generics/repository/ClassRepository;' @72  NULL (0)
 - private volatile transient 'enumConstants' '[Ljava/lang/Object;' @76  NULL (0)
 - private volatile transient 'enumConstantDirectory' 'Ljava/util/Map;' @80  NULL (0)
 - private volatile transient 'annotationData' 'Ljava/lang/Class$AnnotationData;' @84  NULL (0)
 - private volatile transient 'annotationType' 'Lsun/reflect/annotation/AnnotationType;' @88  NULL (0)
 - transient 'classValueMap' 'Ljava/lang/ClassValue$ClassValueMap;' @92  NULL (0)
 - abstract internal 'protection_domain' 'Ljava/lang/Object;' @96  NULL (0)
 - abstract internal 'signers_name' 'Ljava/lang/Object;' @100  NULL (0)
 - abstract internal 'source_file' 'Ljava/lang/Object;' @104  NULL (0)
 - signature: Ljava/lang/invoke/LambdaForm$DMH+0x0000000800e28800;
 - ---- static fields (1):
 - static final '_D_0' 'Ljava/lang/invoke/LambdaForm;' @112  a 'java/lang/invoke/LambdaForm'{0x00000000816cc4a8} => a 'java/lang/invoke/MemberName'{0x00000000816cc5c8} = {method} {0x00000159e2700ad0} 'invokeVirtual' '(Ljava/lang/Object;Ljava/lang/Object;)V' in 'java/lang/invoke/LambdaForm$DMH+0x0000000800e28800' (816cc4a8)
stack at sp + 7 slots: {method} {0x00000159e2700ad0} 'invokeVirtual' '(Ljava/lang/Object;Ljava/lang/Object;)V' in 'java/lang/invoke/LambdaForm$DMH+0x0000000800e28800'

MethodHandle::interpreter_entry::_linkToVirtual [0x00000159caec04d7, 0x00000159caec052a] (83 bytes)
[MachCode]
  0x00000159caec04d7: 660f 1f84 | 0000 0000 | 0048 8b53 | 080f b752 | 2c48 8b0c | d458 5b50 | 448b 5108 | 49bb 0000 
  0x00000159caec04f7: 0000 0800 | 0000 4d03 | d34c 8b5b | 104b 8b9c | dab8 0100 | 0048 85db | 0f84 1000 | 0000 4180 
  0x00000159caec0517: bf80 0400 | 0000 7403 | ff63 38ff | 6350 e9d6 | 
[/MachCode]

---------------  P R O C E S S  ---------------

Threads class SMR info:
_java_thread_list=0x00000159ebb0dea0, length=37, elements={
0x00000159e17469f0, 0x00000159e17472a0, 0x00000159e1761400, 0x00000159e1761cb0,
0x00000159e1762560, 0x00000159e176ae20, 0x00000159e1778770, 0x00000159e1779060,
0x00000159e1782120, 0x00000159e597af00, 0x00000159e5abbe20, 0x00000159e5abcac0,
0x00000159e5abd330, 0x00000159e6300c10, 0x00000159e6c4c170, 0x00000159ec604fe0,
0x00000159ec6037d0, 0x00000159ec607190, 0x00000159e94b7480, 0x00000159e94b6fb0,
0x00000159e94b2780, 0x00000159e94b3120, 0x00000159e94b7950, 0x00000159e94b1440,
0x00000159e94b35f0, 0x00000159e94b0100, 0x00000159e94b4930, 0x00000159e94b4e00,
0x00000159e94b57a0, 0x00000159e94b0aa0, 0x00000159e94b1910, 0x00000159e94b1de0,
0x00000159e94b22b0, 0x00000159ec609810, 0x00000159ec603ca0, 0x00000159ec6054b0,
0x00000159ec607660
}

Java Threads: ( => current thread )
  0x00000159e17469f0 JavaThread "Reference Handler" daemon [_thread_blocked, id=15096, stack(0x0000000861d00000,0x0000000861e00000)]
  0x00000159e17472a0 JavaThread "Finalizer" daemon [_thread_blocked, id=14932, stack(0x0000000861e00000,0x0000000861f00000)]
  0x00000159e1761400 JavaThread "Signal Dispatcher" daemon [_thread_blocked, id=13976, stack(0x0000000861f00000,0x0000000862000000)]
  0x00000159e1761cb0 JavaThread "Attach Listener" daemon [_thread_blocked, id=14864, stack(0x0000000862000000,0x0000000862100000)]
  0x00000159e1762560 JavaThread "Service Thread" daemon [_thread_blocked, id=4876, stack(0x0000000862100000,0x0000000862200000)]
  0x00000159e176ae20 JavaThread "Monitor Deflation Thread" daemon [_thread_blocked, id=14456, stack(0x0000000862200000,0x0000000862300000)]
  0x00000159e1778770 JavaThread "C2 CompilerThread0" daemon [_thread_blocked, id=14020, stack(0x0000000862300000,0x0000000862400000)]
  0x00000159e1779060 JavaThread "C1 CompilerThread0" daemon [_thread_blocked, id=14780, stack(0x0000000862400000,0x0000000862500000)]
  0x00000159e1782120 JavaThread "Sweeper thread" daemon [_thread_blocked, id=14416, stack(0x0000000862500000,0x0000000862600000)]
  0x00000159e597af00 JavaThread "Common-Cleaner" daemon [_thread_blocked, id=5100, stack(0x0000000862600000,0x0000000862700000)]
  0x00000159e5abbe20 JavaThread "JDWP Transport Listener: dt_socket" daemon [_thread_blocked, id=14996, stack(0x0000000862700000,0x0000000862800000)]
  0x00000159e5abcac0 JavaThread "JDWP Event Helper Thread" daemon [_thread_blocked, id=14736, stack(0x0000000862800000,0x0000000862900000)]
  0x00000159e5abd330 JavaThread "JDWP Command Reader" daemon [_thread_in_native, id=468, stack(0x0000000862900000,0x0000000862a00000)]
  0x00000159e6300c10 JavaThread "Notification Thread" daemon [_thread_blocked, id=14468, stack(0x0000000862b00000,0x0000000862c00000)]
  0x00000159e6c4c170 JavaThread "mysql-cj-abandoned-connection-cleanup" daemon [_thread_blocked, id=14720, stack(0x0000000863b00000,0x0000000863c00000)]
  0x00000159ec604fe0 JavaThread "boundedElastic-evictor-1" daemon [_thread_blocked, id=7972, stack(0x0000000864000000,0x0000000864100000)]
  0x00000159ec6037d0 JavaThread "DestroyJavaVM" [_thread_blocked, id=8388, stack(0x0000000861600000,0x0000000861700000)]
  0x00000159ec607190 JavaThread "Thread-39" daemon [_thread_in_native, id=14792, stack(0x0000000865100000,0x0000000865200000)]
  0x00000159e94b7480 JavaThread "Catalina-utility-1" [_thread_blocked, id=2396, stack(0x0000000863400000,0x0000000863500000)]
  0x00000159e94b6fb0 JavaThread "Catalina-utility-2" [_thread_blocked, id=13896, stack(0x0000000863500000,0x0000000863600000)]
  0x00000159e94b2780 JavaThread "container-0" [_thread_blocked, id=14712, stack(0x0000000863600000,0x0000000863700000)]
  0x00000159e94b3120 JavaThread "HikariPool-7 housekeeper" daemon [_thread_blocked, id=14604, stack(0x0000000863700000,0x0000000863800000)]
  0x00000159e94b7950 JavaThread "spring.cloud.inetutils" daemon [_thread_blocked, id=14244, stack(0x0000000863a00000,0x0000000863b00000)]
  0x00000159e94b1440 JavaThread "File Watcher" daemon [_thread_blocked, id=14152, stack(0x0000000863c00000,0x0000000863d00000)]
  0x00000159e94b35f0 JavaThread "http-nio-8080-exec-1" daemon [_thread_blocked, id=11820, stack(0x0000000863d00000,0x0000000863e00000)]
  0x00000159e94b0100 JavaThread "http-nio-8080-exec-2" daemon [_thread_blocked, id=13720, stack(0x0000000863e00000,0x0000000863f00000)]
  0x00000159e94b4930 JavaThread "http-nio-8080-exec-3" daemon [_thread_blocked, id=7444, stack(0x0000000863f00000,0x0000000864000000)]
  0x00000159e94b4e00 JavaThread "http-nio-8080-exec-4" daemon [_thread_blocked, id=4948, stack(0x0000000864100000,0x0000000864200000)]
  0x00000159e94b57a0 JavaThread "http-nio-8080-exec-5" daemon [_thread_blocked, id=14968, stack(0x0000000864200000,0x0000000864300000)]
  0x00000159e94b0aa0 JavaThread "http-nio-8080-exec-6" daemon [_thread_blocked, id=14328, stack(0x0000000864300000,0x0000000864400000)]
  0x00000159e94b1910 JavaThread "http-nio-8080-exec-7" daemon [_thread_blocked, id=4672, stack(0x0000000864400000,0x0000000864500000)]
  0x00000159e94b1de0 JavaThread "http-nio-8080-exec-8" daemon [_thread_blocked, id=15336, stack(0x0000000864500000,0x0000000864600000)]
  0x00000159e94b22b0 JavaThread "http-nio-8080-exec-9" daemon [_thread_blocked, id=892, stack(0x0000000864600000,0x0000000864700000)]
  0x00000159ec609810 JavaThread "http-nio-8080-exec-10" daemon [_thread_blocked, id=6088, stack(0x0000000864700000,0x0000000864800000)]
  0x00000159ec603ca0 JavaThread "http-nio-8080-Poller" daemon [_thread_in_native, id=13488, stack(0x0000000864800000,0x0000000864900000)]
  0x00000159ec6054b0 JavaThread "http-nio-8080-Acceptor" daemon [_thread_in_native, id=15192, stack(0x0000000864900000,0x0000000864a00000)]
=>0x00000159ec607660 JavaThread "scheduling-1" [_thread_in_Java, id=14264, stack(0x0000000864a00000,0x0000000864b00000)]

Other Threads:
  0x00000159e1744280 VMThread "VM Thread" [stack: 0x0000000861c00000,0x0000000861d00000] [id=7216]
  0x00000159c35650d0 WatcherThread "VM Periodic Task Thread" [stack: 0x0000000862c00000,0x0000000862d00000] [id=7800]
  0x00000159c35c3400 WorkerThread "GC Thread#0" [stack: 0x0000000861700000,0x0000000861800000] [id=13316]
  0x00000159e66d5fa0 WorkerThread "GC Thread#1" [stack: 0x0000000862d00000,0x0000000862e00000] [id=14804]
  0x00000159e668ca00 WorkerThread "GC Thread#2" [stack: 0x0000000862e00000,0x0000000862f00000] [id=14860]
  0x00000159e643a4f0 WorkerThread "GC Thread#3" [stack: 0x0000000862f00000,0x0000000863000000] [id=11436]
  0x00000159e659eda0 WorkerThread "GC Thread#4" [stack: 0x0000000863000000,0x0000000863100000] [id=11256]
  0x00000159e67a9a60 WorkerThread "GC Thread#5" [stack: 0x0000000863100000,0x0000000863200000] [id=14140]
  0x00000159e665d9f0 WorkerThread "GC Thread#6" [stack: 0x0000000863200000,0x0000000863300000] [id=11760]
  0x00000159e66c9360 WorkerThread "GC Thread#7" [stack: 0x0000000863300000,0x0000000863400000] [id=12844]
  0x00000159c35d47f0 ConcurrentGCThread "G1 Main Marker" [stack: 0x0000000861800000,0x0000000861900000] [id=4584]
  0x00000159c35d5080 WorkerThread "G1 Conc#0" [stack: 0x0000000861900000,0x0000000861a00000] [id=14568]
  0x00000159e67d6d70 WorkerThread "G1 Conc#1" [stack: 0x0000000863800000,0x0000000863900000] [id=14692]
  0x00000159c360e490 ConcurrentGCThread "G1 Refine#0" [stack: 0x0000000861a00000,0x0000000861b00000] [id=4680]
  0x00000159e15fd150 ConcurrentGCThread "G1 Service" [stack: 0x0000000861b00000,0x0000000861c00000] [id=12424]

Threads with active compile tasks:

VM state: not at safepoint (normal execution)

VM Mutex/Monitor currently owned by a thread: None

Heap address: 0x0000000080c00000, size: 2036 MB, Compressed Oops mode: 32-bit

CDS archive(s) mapped at: [0x0000000800000000-0x0000000800ba0000-0x0000000800ba0000), size 12189696, SharedBaseAddress: 0x0000000800000000, ArchiveRelocationMode: 0.
Compressed class space mapped at: 0x0000000800c00000-0x0000000840c00000, reserved size: 1073741824
Narrow klass base: 0x0000000800000000, Narrow klass shift: 0, Narrow klass range: 0x100000000

GC Precious Log:
 CardTable entry size: 512
 Card Set container configuration: InlinePtr #cards 5 size 8 Array Of Cards #cards 12 size 40 Howl #buckets 4 coarsen threshold 1843 Howl Bitmap #cards 512 size 80 coarsen threshold 460 Card regions per heap region 1 cards per card region 2048
 CPUs: 8 total, 8 available
 Memory: 8143M
 Large Page Support: Disabled
 NUMA Support: Disabled
 Compressed Oops: Enabled (32-bit)
 Heap Region Size: 1M
 Heap Min Capacity: 8M
 Heap Initial Capacity: 128M
 Heap Max Capacity: 2036M
 Pre-touch: Disabled
 Parallel Workers: 8
 Concurrent Workers: 2
 Concurrent Refinement Workers: 8
 Periodic GC: Disabled

Heap:
 garbage-first heap   total 95232K, used 39896K [0x0000000080c00000, 0x0000000100000000)
  region size 1024K, 5 young (5120K), 3 survivors (3072K)
 Metaspace       used 87162K, committed 88000K, reserved 1179648K
  class space    used 11317K, committed 11712K, reserved 1048576K

Heap Regions: E=young(eden), S=young(survivor), O=old, HS=humongous(starts), HC=humongous(continues), CS=collection set, F=free, OA=open archive, CA=closed archive, TAMS=top-at-mark-start (previous, next)
|   0|0x0000000080c00000, 0x0000000080d00000, 0x0000000080d00000|100%| O|  |TAMS 0x0000000080d00000, 0x0000000080c00000| Untracked 
|   1|0x0000000080d00000, 0x0000000080e00000, 0x0000000080e00000|100%|HS|  |TAMS 0x0000000080e00000, 0x0000000080d00000| Untracked 
|   2|0x0000000080e00000, 0x0000000080f00000, 0x0000000080f00000|100%| O|  |TAMS 0x0000000080f00000, 0x0000000080e00000| Untracked 
|   3|0x0000000080f00000, 0x0000000081000000, 0x0000000081000000|100%| O|  |TAMS 0x0000000081000000, 0x0000000080f00000| Untracked 
|   4|0x0000000081000000, 0x00000000810ffff0, 0x0000000081100000| 99%| O|  |TAMS 0x00000000810ffff0, 0x0000000081000000| Untracked 
|   5|0x0000000081100000, 0x0000000081200000, 0x0000000081200000|100%| O|  |TAMS 0x0000000081200000, 0x0000000081100000| Untracked 
|   6|0x0000000081200000, 0x00000000812ffff8, 0x0000000081300000| 99%| O|  |TAMS 0x00000000812ffff8, 0x0000000081200000| Untracked 
|   7|0x0000000081300000, 0x0000000081400000, 0x0000000081400000|100%| O|  |TAMS 0x0000000081400000, 0x0000000081300000| Untracked 
|   8|0x0000000081400000, 0x0000000081500000, 0x0000000081500000|100%| O|  |TAMS 0x0000000081500000, 0x0000000081400000| Untracked 
|   9|0x0000000081500000, 0x00000000815ffec8, 0x0000000081600000| 99%| O|  |TAMS 0x00000000815ffec8, 0x0000000081500000| Untracked 
|  10|0x0000000081600000, 0x00000000816fffe8, 0x0000000081700000| 99%| O|  |TAMS 0x00000000816fffe8, 0x0000000081600000| Untracked 
|  11|0x0000000081700000, 0x0000000081800000, 0x0000000081800000|100%| O|  |TAMS 0x0000000081800000, 0x0000000081700000| Untracked 
|  12|0x0000000081800000, 0x00000000818fffc0, 0x0000000081900000| 99%| O|  |TAMS 0x00000000818fffc0, 0x0000000081800000| Untracked 
|  13|0x0000000081900000, 0x00000000819fffe0, 0x0000000081a00000| 99%| O|  |TAMS 0x00000000819fffe0, 0x0000000081900000| Untracked 
|  14|0x0000000081a00000, 0x0000000081afffb0, 0x0000000081b00000| 99%| O|  |TAMS 0x0000000081afffb0, 0x0000000081a00000| Untracked 
|  15|0x0000000081b00000, 0x0000000081bffff8, 0x0000000081c00000| 99%| O|  |TAMS 0x0000000081b00000, 0x0000000081b00000| Untracked 
|  16|0x0000000081c00000, 0x0000000081cffff8, 0x0000000081d00000| 99%| O|  |TAMS 0x0000000081cffff8, 0x0000000081c00000| Untracked 
|  17|0x0000000081d00000, 0x0000000081dfffb0, 0x0000000081e00000| 99%| O|  |TAMS 0x0000000081dfffb0, 0x0000000081d00000| Untracked 
|  18|0x0000000081e00000, 0x0000000081efffc0, 0x0000000081f00000| 99%| O|  |TAMS 0x0000000081efffc0, 0x0000000081e00000| Untracked 
|  19|0x0000000081f00000, 0x0000000081fffff8, 0x0000000082000000| 99%| O|  |TAMS 0x0000000081fffff8, 0x0000000081f00000| Untracked 
|  20|0x0000000082000000, 0x0000000082100000, 0x0000000082100000|100%| O|  |TAMS 0x0000000082100000, 0x0000000082000000| Untracked 
|  21|0x0000000082100000, 0x00000000821fffd0, 0x0000000082200000| 99%| O|  |TAMS 0x0000000082100000, 0x0000000082100000| Untracked 
|  22|0x0000000082200000, 0x00000000822fffc8, 0x0000000082300000| 99%| O|  |TAMS 0x00000000822fffc8, 0x0000000082200000| Untracked 
|  23|0x0000000082300000, 0x00000000823ffff8, 0x0000000082400000| 99%| O|  |TAMS 0x00000000823ffff8, 0x0000000082300000| Untracked 
|  24|0x0000000082400000, 0x0000000082500000, 0x0000000082500000|100%| O|  |TAMS 0x0000000082500000, 0x0000000082400000| Untracked 
|  25|0x0000000082500000, 0x00000000825ffff8, 0x0000000082600000| 99%| O|  |TAMS 0x0000000082500000, 0x0000000082500000| Untracked 
|  26|0x0000000082600000, 0x0000000082700000, 0x0000000082700000|100%| O|  |TAMS 0x0000000082700000, 0x0000000082600000| Untracked 
|  27|0x0000000082700000, 0x0000000082800000, 0x0000000082800000|100%| O|  |TAMS 0x0000000082700000, 0x0000000082700000| Untracked 
|  28|0x0000000082800000, 0x00000000828fffb8, 0x0000000082900000| 99%| O|  |TAMS 0x0000000082800000, 0x0000000082800000| Untracked 
|  29|0x0000000082900000, 0x00000000829f9388, 0x0000000082a00000| 97%| O|  |TAMS 0x0000000082900000, 0x0000000082900000| Untracked 
|  30|0x0000000082a00000, 0x0000000082a587d8, 0x0000000082b00000| 34%| O|  |TAMS 0x0000000082a00000, 0x0000000082a00000| Untracked 
|  31|0x0000000082b00000, 0x0000000082bd60a0, 0x0000000082c00000| 83%| O|  |TAMS 0x0000000082b00000, 0x0000000082b00000| Untracked 
|  32|0x0000000082c00000, 0x0000000082d00000, 0x0000000082d00000|100%| O|  |TAMS 0x0000000082c00000, 0x0000000082c00000| Untracked 
|  33|0x0000000082d00000, 0x0000000082de63d0, 0x0000000082e00000| 89%| O|  |TAMS 0x0000000082d00000, 0x0000000082d00000| Untracked 
|  34|0x0000000082e00000, 0x0000000082f00000, 0x0000000082f00000|100%| O|  |TAMS 0x0000000082e00000, 0x0000000082e00000| Untracked 
|  35|0x0000000082f00000, 0x0000000082fed200, 0x0000000083000000| 92%| O|  |TAMS 0x0000000082f00000, 0x0000000082f00000| Untracked 
|  36|0x0000000083000000, 0x0000000083049030, 0x0000000083100000| 28%| O|  |TAMS 0x0000000083000000, 0x0000000083000000| Untracked 
|  37|0x0000000083100000, 0x0000000083100000, 0x0000000083200000|  0%| F|  |TAMS 0x0000000083100000, 0x0000000083100000| Untracked 
|  38|0x0000000083200000, 0x0000000083200000, 0x0000000083300000|  0%| F|  |TAMS 0x0000000083200000, 0x0000000083200000| Untracked 
|  39|0x0000000083300000, 0x0000000083300000, 0x0000000083400000|  0%| F|  |TAMS 0x0000000083300000, 0x0000000083300000| Untracked 
|  40|0x0000000083400000, 0x0000000083400000, 0x0000000083500000|  0%| F|  |TAMS 0x0000000083400000, 0x0000000083400000| Untracked 
|  41|0x0000000083500000, 0x0000000083500000, 0x0000000083600000|  0%| F|  |TAMS 0x0000000083500000, 0x0000000083500000| Untracked 
|  42|0x0000000083600000, 0x0000000083600000, 0x0000000083700000|  0%| F|  |TAMS 0x0000000083600000, 0x0000000083600000| Untracked 
|  43|0x0000000083700000, 0x0000000083700000, 0x0000000083800000|  0%| F|  |TAMS 0x0000000083700000, 0x0000000083700000| Untracked 
|  44|0x0000000083800000, 0x0000000083800000, 0x0000000083900000|  0%| F|  |TAMS 0x0000000083800000, 0x0000000083800000| Untracked 
|  45|0x0000000083900000, 0x0000000083900000, 0x0000000083a00000|  0%| F|  |TAMS 0x0000000083900000, 0x0000000083900000| Untracked 
|  46|0x0000000083a00000, 0x0000000083a00000, 0x0000000083b00000|  0%| F|  |TAMS 0x0000000083a00000, 0x0000000083a00000| Untracked 
|  47|0x0000000083b00000, 0x0000000083b00000, 0x0000000083c00000|  0%| F|  |TAMS 0x0000000083b00000, 0x0000000083b00000| Untracked 
|  48|0x0000000083c00000, 0x0000000083c00000, 0x0000000083d00000|  0%| F|  |TAMS 0x0000000083c00000, 0x0000000083c00000| Untracked 
|  49|0x0000000083d00000, 0x0000000083d00000, 0x0000000083e00000|  0%| F|  |TAMS 0x0000000083d00000, 0x0000000083d00000| Untracked 
|  50|0x0000000083e00000, 0x0000000083e00000, 0x0000000083f00000|  0%| F|  |TAMS 0x0000000083e00000, 0x0000000083e00000| Untracked 
|  51|0x0000000083f00000, 0x0000000083f00000, 0x0000000084000000|  0%| F|  |TAMS 0x0000000083f00000, 0x0000000083f00000| Untracked 
|  52|0x0000000084000000, 0x0000000084000000, 0x0000000084100000|  0%| F|  |TAMS 0x0000000084000000, 0x0000000084000000| Untracked 
|  53|0x0000000084100000, 0x00000000841b24b8, 0x0000000084200000| 69%| S|CS|TAMS 0x0000000084100000, 0x0000000084100000| Complete 
|  54|0x0000000084200000, 0x0000000084300000, 0x0000000084300000|100%| S|CS|TAMS 0x0000000084200000, 0x0000000084200000| Complete 
|  55|0x0000000084300000, 0x0000000084400000, 0x0000000084400000|100%| S|CS|TAMS 0x0000000084300000, 0x0000000084300000| Complete 
|  56|0x0000000084400000, 0x0000000084400000, 0x0000000084500000|  0%| F|  |TAMS 0x0000000084400000, 0x0000000084400000| Untracked 
|  57|0x0000000084500000, 0x0000000084500000, 0x0000000084600000|  0%| F|  |TAMS 0x0000000084500000, 0x0000000084500000| Untracked 
|  58|0x0000000084600000, 0x0000000084600000, 0x0000000084700000|  0%| F|  |TAMS 0x0000000084600000, 0x0000000084600000| Untracked 
|  59|0x0000000084700000, 0x0000000084700000, 0x0000000084800000|  0%| F|  |TAMS 0x0000000084700000, 0x0000000084700000| Untracked 
|  60|0x0000000084800000, 0x0000000084800000, 0x0000000084900000|  0%| F|  |TAMS 0x0000000084800000, 0x0000000084800000| Untracked 
|  61|0x0000000084900000, 0x0000000084900000, 0x0000000084a00000|  0%| F|  |TAMS 0x0000000084900000, 0x0000000084900000| Untracked 
|  62|0x0000000084a00000, 0x0000000084a00000, 0x0000000084b00000|  0%| F|  |TAMS 0x0000000084a00000, 0x0000000084a00000| Untracked 
|  63|0x0000000084b00000, 0x0000000084b00000, 0x0000000084c00000|  0%| F|  |TAMS 0x0000000084b00000, 0x0000000084b00000| Untracked 
|  64|0x0000000084c00000, 0x0000000084c00000, 0x0000000084d00000|  0%| F|  |TAMS 0x0000000084c00000, 0x0000000084c00000| Untracked 
|  65|0x0000000084d00000, 0x0000000084d00000, 0x0000000084e00000|  0%| F|  |TAMS 0x0000000084d00000, 0x0000000084d00000| Untracked 
|  66|0x0000000084e00000, 0x0000000084e00000, 0x0000000084f00000|  0%| F|  |TAMS 0x0000000084e00000, 0x0000000084e00000| Untracked 
|  67|0x0000000084f00000, 0x0000000084f00000, 0x0000000085000000|  0%| F|  |TAMS 0x0000000084f00000, 0x0000000084f00000| Untracked 
|  68|0x0000000085000000, 0x0000000085000000, 0x0000000085100000|  0%| F|  |TAMS 0x0000000085000000, 0x0000000085000000| Untracked 
|  69|0x0000000085100000, 0x0000000085100000, 0x0000000085200000|  0%| F|  |TAMS 0x0000000085100000, 0x0000000085100000| Untracked 
|  70|0x0000000085200000, 0x0000000085200000, 0x0000000085300000|  0%| F|  |TAMS 0x0000000085200000, 0x0000000085200000| Untracked 
|  71|0x0000000085300000, 0x0000000085300000, 0x0000000085400000|  0%| F|  |TAMS 0x0000000085300000, 0x0000000085300000| Untracked 
|  72|0x0000000085400000, 0x0000000085400000, 0x0000000085500000|  0%| F|  |TAMS 0x0000000085400000, 0x0000000085400000| Untracked 
|  73|0x0000000085500000, 0x0000000085500000, 0x0000000085600000|  0%| F|  |TAMS 0x0000000085500000, 0x0000000085500000| Untracked 
|  74|0x0000000085600000, 0x0000000085600000, 0x0000000085700000|  0%| F|  |TAMS 0x0000000085600000, 0x0000000085600000| Untracked 
|  75|0x0000000085700000, 0x0000000085700000, 0x0000000085800000|  0%| F|  |TAMS 0x0000000085700000, 0x0000000085700000| Untracked 
|  76|0x0000000085800000, 0x0000000085800000, 0x0000000085900000|  0%| F|  |TAMS 0x0000000085800000, 0x0000000085800000| Untracked 
|  77|0x0000000085900000, 0x0000000085900000, 0x0000000085a00000|  0%| F|  |TAMS 0x0000000085900000, 0x0000000085900000| Untracked 
|  78|0x0000000085a00000, 0x0000000085a00000, 0x0000000085b00000|  0%| F|  |TAMS 0x0000000085a00000, 0x0000000085a00000| Untracked 
|  79|0x0000000085b00000, 0x0000000085b00000, 0x0000000085c00000|  0%| F|  |TAMS 0x0000000085b00000, 0x0000000085b00000| Untracked 
|  80|0x0000000085c00000, 0x0000000085c00000, 0x0000000085d00000|  0%| F|  |TAMS 0x0000000085c00000, 0x0000000085c00000| Untracked 
|  81|0x0000000085d00000, 0x0000000085d00000, 0x0000000085e00000|  0%| F|  |TAMS 0x0000000085d00000, 0x0000000085d00000| Untracked 
|  82|0x0000000085e00000, 0x0000000085e00000, 0x0000000085f00000|  0%| F|  |TAMS 0x0000000085e00000, 0x0000000085e00000| Untracked 
|  83|0x0000000085f00000, 0x0000000085f00000, 0x0000000086000000|  0%| F|  |TAMS 0x0000000085f00000, 0x0000000085f00000| Untracked 
|  84|0x0000000086000000, 0x0000000086000000, 0x0000000086100000|  0%| F|  |TAMS 0x0000000086000000, 0x0000000086000000| Untracked 
|  85|0x0000000086100000, 0x0000000086100000, 0x0000000086200000|  0%| F|  |TAMS 0x0000000086100000, 0x0000000086100000| Untracked 
|  86|0x0000000086200000, 0x0000000086200000, 0x0000000086300000|  0%| F|  |TAMS 0x0000000086200000, 0x0000000086200000| Untracked 
|  87|0x0000000086300000, 0x0000000086300000, 0x0000000086400000|  0%| F|  |TAMS 0x0000000086300000, 0x0000000086300000| Untracked 
|  88|0x0000000086400000, 0x0000000086400000, 0x0000000086500000|  0%| F|  |TAMS 0x0000000086400000, 0x0000000086400000| Untracked 
|  89|0x0000000086500000, 0x0000000086500000, 0x0000000086600000|  0%| F|  |TAMS 0x0000000086500000, 0x0000000086500000| Untracked 
|  90|0x0000000086600000, 0x0000000086600000, 0x0000000086700000|  0%| F|  |TAMS 0x0000000086600000, 0x0000000086600000| Untracked 
| 126|0x0000000088a00000, 0x0000000088a81068, 0x0000000088b00000| 50%| E|  |TAMS 0x0000000088a00000, 0x0000000088a00000| Complete 
| 127|0x0000000088b00000, 0x0000000088c00000, 0x0000000088c00000|100%| E|CS|TAMS 0x0000000088b00000, 0x0000000088b00000| Complete 

Card table byte_map: [0x00000159da5b0000,0x00000159da9b0000] _byte_map_base: 0x00000159da1aa000

Marking Bits (Prev, Next): (CMBitMap*) 0x00000159c35c38e0, (CMBitMap*) 0x00000159c35c38a0
 Prev Bits: [0x00000159dcd80000, 0x00000159ded50000)
 Next Bits: [0x00000159dadb0000, 0x00000159dcd80000)

Polling page: 0x00000159c2d10000

Metaspace:

Usage:
  Non-class:     74.07 MB used.
      Class:     11.05 MB used.
       Both:     85.12 MB used.

Virtual space:
  Non-class space:      128.00 MB reserved,      74.50 MB ( 58%) committed,  2 nodes.
      Class space:        1.00 GB reserved,      11.44 MB (  1%) committed,  1 nodes.
             Both:        1.12 GB reserved,      85.94 MB (  7%) committed. 

Chunk freelists:
   Non-Class:  880.00 KB
       Class:  544.00 KB
        Both:  1.39 MB

MaxMetaspaceSize: unlimited
CompressedClassSpaceSize: 1.00 GB
Initial GC threshold: 21.00 MB
Current GC threshold: 142.75 MB
CDS: on
MetaspaceReclaimPolicy: balanced
 - commit_granule_bytes: 65536.
 - commit_granule_words: 8192.
 - virtual_space_node_default_size: 8388608.
 - enlarge_chunks_in_place: 1.
 - new_chunks_are_fully_committed: 0.
 - uncommit_free_chunks: 1.
 - use_allocation_guard: 0.


Internal statistics:

num_allocs_failed_limit: 9.
num_arena_births: 1148.
num_arena_deaths: 10.
num_vsnodes_births: 3.
num_vsnodes_deaths: 0.
num_space_committed: 1376.
num_space_uncommitted: 1.
num_chunks_returned_to_freelist: 22.
num_chunks_taken_from_freelist: 4393.
num_chunk_merges: 14.
num_chunk_splits: 3156.
num_chunks_enlarged: 2510.
num_inconsistent_stats: 0.

CodeHeap 'non-profiled nmethods': size=120000Kb used=9331Kb max_used=9331Kb free=110669Kb
 bounds [0x00000159d2950000, 0x00000159d3270000, 0x00000159d9e80000]
CodeHeap 'profiled nmethods': size=120000Kb used=22445Kb max_used=22445Kb free=97554Kb
 bounds [0x00000159cb420000, 0x00000159cca10000, 0x00000159d2950000]
CodeHeap 'non-nmethods': size=5760Kb used=1459Kb max_used=1533Kb free=4300Kb
 bounds [0x00000159cae80000, 0x00000159cb0f0000, 0x00000159cb420000]
 total_blobs=11196 nmethods=10475 adapters=632
 compilation: enabled
              stopped_count=0, restarted_count=0
 full_count=0

Compilation events (20 events):
Event: 704.858 Thread 0x00000159e1779060 12557       3       java.util.concurrent.atomic.AtomicIntegerFieldUpdater$AtomicIntegerFieldUpdaterImpl::getAndAdd (18 bytes)
Event: 704.858 Thread 0x00000159e1779060 nmethod 12557 0x00000159cca0b190 code [0x00000159cca0b340, 0x00000159cca0b588]
Event: 704.859 Thread 0x00000159e1779060 12558       3       org.springframework.boot.context.properties.bind.validation.ValidationBindHandler::onStart (23 bytes)
Event: 704.859 Thread 0x00000159e1779060 nmethod 12558 0x00000159cca0b690 code [0x00000159cca0b860, 0x00000159cca0bbb8]
Event: 704.859 Thread 0x00000159e1779060 12559       3       org.springframework.boot.context.properties.bind.validation.ValidationBindHandler::onFinish (19 bytes)
Event: 704.859 Thread 0x00000159e1779060 nmethod 12559 0x00000159cca0bd90 code [0x00000159cca0bf40, 0x00000159cca0c0f8]
Event: 704.859 Thread 0x00000159e1779060 12560       3       org.springframework.boot.context.properties.bind.validation.ValidationBindHandler::validate (62 bytes)
Event: 704.859 Thread 0x00000159e1779060 nmethod 12560 0x00000159cca0c210 code [0x00000159cca0c400, 0x00000159cca0ca98]
Event: 704.860 Thread 0x00000159e1778770 12561       4       java.util.Arrays::fill (21 bytes)
Event: 704.861 Thread 0x00000159e1779060 12562       3       com.fasterxml.classmate.TypeResolver::_fromArrayType (41 bytes)
Event: 704.865 Thread 0x00000159e1779060 nmethod 12562 0x00000159cca0cd90 code [0x00000159cca0cf80, 0x00000159cca0d638]
Event: 704.866 Thread 0x00000159e1779060 12563       3       org.hibernate.validator.internal.util.classhierarchy.ClassHierarchyHelper::getImplementedInterfaces (49 bytes)
Event: 704.866 Thread 0x00000159e1779060 nmethod 12563 0x00000159cca0d990 code [0x00000159cca0db60, 0x00000159cca0dec8]
Event: 704.867 Thread 0x00000159e1778770 nmethod 12561 0x00000159d326aa90 code [0x00000159d326ac20, 0x00000159d326b1d8]
Event: 704.868 Thread 0x00000159e1778770 12564       4       ch.qos.logback.core.pattern.FormattingConverter::write (154 bytes)
Event: 704.873 Thread 0x00000159e1778770 nmethod 12564 0x00000159d326b310 code [0x00000159d326b540, 0x00000159d326bf80]
Event: 714.383 Thread 0x00000159e1779060 12565       1       org.apache.catalina.core.StandardContext::getInstanceManager (5 bytes)
Event: 714.384 Thread 0x00000159e1779060 nmethod 12565 0x00000159d326c910 code [0x00000159d326caa0, 0x00000159d326cb78]
Event: 714.658 Thread 0x00000159e1778770 12566       4       org.eclipse.jdt.launching.internal.org.objectweb.asm.SymbolTable::hash (14 bytes)
Event: 714.704 Thread 0x00000159e1778770 


GC Heap History (20 events):
Event: 129.355 GC heap before
{Heap before GC invocations=37 (full 4):
 garbage-first heap   total 95232K, used 72649K [0x0000000080c00000, 0x0000000100000000)
  region size 1024K, 42 young (43008K), 0 survivors (0K)
 Metaspace       used 77885K, committed 78592K, reserved 1179648K
  class space    used 10331K, committed 10688K, reserved 1048576K
}
Event: 129.358 GC heap after
{Heap after GC invocations=38 (full 4):
 garbage-first heap   total 95232K, used 34674K [0x0000000080c00000, 0x0000000100000000)
  region size 1024K, 4 young (4096K), 4 survivors (4096K)
 Metaspace       used 77885K, committed 78592K, reserved 1179648K
  class space    used 10331K, committed 10688K, reserved 1048576K
}
Event: 132.783 GC heap before
{Heap before GC invocations=38 (full 4):
 garbage-first heap   total 95232K, used 73586K [0x0000000080c00000, 0x0000000100000000)
  region size 1024K, 42 young (43008K), 4 survivors (4096K)
 Metaspace       used 77988K, committed 78784K, reserved 1179648K
  class space    used 10333K, committed 10688K, reserved 1048576K
}
Event: 132.786 GC heap after
{Heap after GC invocations=39 (full 4):
 garbage-first heap   total 95232K, used 37050K [0x0000000080c00000, 0x0000000100000000)
  region size 1024K, 4 young (4096K), 4 survivors (4096K)
 Metaspace       used 77988K, committed 78784K, reserved 1179648K
  class space    used 10333K, committed 10688K, reserved 1048576K
}
Event: 138.024 GC heap before
{Heap before GC invocations=39 (full 4):
 garbage-first heap   total 95232K, used 70842K [0x0000000080c00000, 0x0000000100000000)
  region size 1024K, 38 young (38912K), 4 survivors (4096K)
 Metaspace       used 81725K, committed 82496K, reserved 1179648K
  class space    used 10820K, committed 11200K, reserved 1048576K
}
Event: 138.027 GC heap after
{Heap after GC invocations=40 (full 4):
 garbage-first heap   total 95232K, used 37596K [0x0000000080c00000, 0x0000000100000000)
  region size 1024K, 2 young (2048K), 2 survivors (2048K)
 Metaspace       used 81725K, committed 82496K, reserved 1179648K
  class space    used 10820K, committed 11200K, reserved 1048576K
}
Event: 276.999 GC heap before
{Heap before GC invocations=40 (full 4):
 garbage-first heap   total 95232K, used 72412K [0x0000000080c00000, 0x0000000100000000)
  region size 1024K, 37 young (37888K), 2 survivors (2048K)
 Metaspace       used 85323K, committed 86144K, reserved 1179648K
  class space    used 11251K, committed 11648K, reserved 1048576K
}
Event: 277.001 GC heap after
{Heap after GC invocations=41 (full 4):
 garbage-first heap   total 95232K, used 38617K [0x0000000080c00000, 0x0000000100000000)
  region size 1024K, 3 young (3072K), 3 survivors (3072K)
 Metaspace       used 85323K, committed 86144K, reserved 1179648K
  class space    used 11251K, committed 11648K, reserved 1048576K
}
Event: 301.943 GC heap before
{Heap before GC invocations=41 (full 4):
 garbage-first heap   total 95232K, used 42713K [0x0000000080c00000, 0x0000000100000000)
  region size 1024K, 8 young (8192K), 3 survivors (3072K)
 Metaspace       used 85436K, committed 86272K, reserved 1179648K
  class space    used 11259K, committed 11648K, reserved 1048576K
}
Event: 301.981 GC heap after
{Heap after GC invocations=42 (full 5):
 garbage-first heap   total 95232K, used 33239K [0x0000000080c00000, 0x0000000100000000)
  region size 1024K, 0 young (0K), 0 survivors (0K)
 Metaspace       used 85436K, committed 86272K, reserved 1179648K
  class space    used 11259K, committed 11648K, reserved 1048576K
}
Event: 302.601 GC heap before
{Heap before GC invocations=42 (full 5):
 garbage-first heap   total 95232K, used 74199K [0x0000000080c00000, 0x0000000100000000)
  region size 1024K, 41 young (41984K), 0 survivors (0K)
 Metaspace       used 85687K, committed 86464K, reserved 1179648K
  class space    used 11272K, committed 11648K, reserved 1048576K
}
Event: 302.604 GC heap after
{Heap after GC invocations=43 (full 5):
 garbage-first heap   total 95232K, used 37031K [0x0000000080c00000, 0x0000000100000000)
  region size 1024K, 4 young (4096K), 4 survivors (4096K)
 Metaspace       used 85687K, committed 86464K, reserved 1179648K
  class space    used 11272K, committed 11648K, reserved 1048576K
}
Event: 306.043 GC heap before
{Heap before GC invocations=43 (full 5):
 garbage-first heap   total 95232K, used 74919K [0x0000000080c00000, 0x0000000100000000)
  region size 1024K, 41 young (41984K), 4 survivors (4096K)
 Metaspace       used 85789K, committed 86592K, reserved 1179648K
  class space    used 11275K, committed 11648K, reserved 1048576K
}
Event: 306.046 GC heap after
{Heap after GC invocations=44 (full 5):
 garbage-first heap   total 95232K, used 38673K [0x0000000080c00000, 0x0000000100000000)
  region size 1024K, 3 young (3072K), 3 survivors (3072K)
 Metaspace       used 85789K, committed 86592K, reserved 1179648K
  class space    used 11275K, committed 11648K, reserved 1048576K
}
Event: 703.922 GC heap before
{Heap before GC invocations=44 (full 5):
 garbage-first heap   total 95232K, used 68369K [0x0000000080c00000, 0x0000000100000000)
  region size 1024K, 33 young (33792K), 3 survivors (3072K)
 Metaspace       used 86794K, committed 87680K, reserved 1179648K
  class space    used 11299K, committed 11712K, reserved 1048576K
}
Event: 703.960 GC heap after
{Heap after GC invocations=45 (full 6):
 garbage-first heap   total 95232K, used 33115K [0x0000000080c00000, 0x0000000100000000)
  region size 1024K, 0 young (0K), 0 survivors (0K)
 Metaspace       used 86791K, committed 87680K, reserved 1179648K
  class space    used 11299K, committed 11712K, reserved 1048576K
}
Event: 704.474 GC heap before
{Heap before GC invocations=45 (full 6):
 garbage-first heap   total 95232K, used 74075K [0x0000000080c00000, 0x0000000100000000)
  region size 1024K, 40 young (40960K), 0 survivors (0K)
 Metaspace       used 87048K, committed 87872K, reserved 1179648K
  class space    used 11314K, committed 11712K, reserved 1048576K
}
Event: 704.476 GC heap after
{Heap after GC invocations=46 (full 6):
 garbage-first heap   total 95232K, used 36914K [0x0000000080c00000, 0x0000000100000000)
  region size 1024K, 4 young (4096K), 4 survivors (4096K)
 Metaspace       used 87048K, committed 87872K, reserved 1179648K
  class space    used 11314K, committed 11712K, reserved 1048576K
}
Event: 704.862 GC heap before
{Heap before GC invocations=46 (full 6):
 garbage-first heap   total 95232K, used 74802K [0x0000000080c00000, 0x0000000100000000)
  region size 1024K, 41 young (41984K), 4 survivors (4096K)
 Metaspace       used 87158K, committed 88000K, reserved 1179648K
  class space    used 11316K, committed 11712K, reserved 1048576K
}
Event: 704.865 GC heap after
{Heap after GC invocations=47 (full 6):
 garbage-first heap   total 95232K, used 38872K [0x0000000080c00000, 0x0000000100000000)
  region size 1024K, 3 young (3072K), 3 survivors (3072K)
 Metaspace       used 87158K, committed 88000K, reserved 1179648K
  class space    used 11316K, committed 11712K, reserved 1048576K
}

Deoptimization events (20 events):
Event: 704.859 Thread 0x00000159e94b3f90 DEOPT PACKING pc=0x00000159cc9864ac sp=0x00000008615fc910
Event: 704.859 Thread 0x00000159e94b3f90 DEOPT UNPACKING pc=0x00000159caed2b43 sp=0x00000008615fbdd8 mode 1
Event: 704.859 Thread 0x00000159e94b3f90 Uncommon trap: trap_request=0xffffffd6 fr.pc=0x00000159d32546dc relative=0x000000000000033c
Event: 704.859 Thread 0x00000159e94b3f90 Uncommon trap: reason=array_check action=maybe_recompile pc=0x00000159d32546dc method=java.util.Arrays.fill([Ljava/lang/Object;Ljava/lang/Object;)V @ 13 c2
Event: 704.859 Thread 0x00000159e94b3f90 DEOPT PACKING pc=0x00000159d32546dc sp=0x00000008615fb7e0
Event: 704.859 Thread 0x00000159e94b3f90 DEOPT UNPACKING pc=0x00000159caed23a3 sp=0x00000008615fb790 mode 2
Event: 704.859 Thread 0x00000159e94b3f90 Uncommon trap: trap_request=0xffffffd6 fr.pc=0x00000159d32546dc relative=0x000000000000033c
Event: 704.859 Thread 0x00000159e94b3f90 Uncommon trap: reason=array_check action=maybe_recompile pc=0x00000159d32546dc method=java.util.Arrays.fill([Ljava/lang/Object;Ljava/lang/Object;)V @ 13 c2
Event: 704.859 Thread 0x00000159e94b3f90 DEOPT PACKING pc=0x00000159d32546dc sp=0x00000008615fb7e0
Event: 704.859 Thread 0x00000159e94b3f90 DEOPT UNPACKING pc=0x00000159caed23a3 sp=0x00000008615fb790 mode 2
Event: 704.859 Thread 0x00000159e94b3f90 Uncommon trap: trap_request=0xffffffd6 fr.pc=0x00000159d32546dc relative=0x000000000000033c
Event: 704.859 Thread 0x00000159e94b3f90 Uncommon trap: reason=array_check action=maybe_recompile pc=0x00000159d32546dc method=java.util.Arrays.fill([Ljava/lang/Object;Ljava/lang/Object;)V @ 13 c2
Event: 704.859 Thread 0x00000159e94b3f90 DEOPT PACKING pc=0x00000159d32546dc sp=0x00000008615fb7e0
Event: 704.859 Thread 0x00000159e94b3f90 DEOPT UNPACKING pc=0x00000159caed23a3 sp=0x00000008615fb790 mode 2
Event: 704.859 Thread 0x00000159e94b3f90 Uncommon trap: trap_request=0xffffffd6 fr.pc=0x00000159d32546dc relative=0x000000000000033c
Event: 704.859 Thread 0x00000159e94b3f90 Uncommon trap: reason=array_check action=maybe_recompile pc=0x00000159d32546dc method=java.util.Arrays.fill([Ljava/lang/Object;Ljava/lang/Object;)V @ 13 c2
Event: 704.859 Thread 0x00000159e94b3f90 DEOPT PACKING pc=0x00000159d32546dc sp=0x00000008615fb7e0
Event: 704.859 Thread 0x00000159e94b3f90 DEOPT UNPACKING pc=0x00000159caed23a3 sp=0x00000008615fb790 mode 2
Event: 714.644 Thread 0x00000159ec607660 DEOPT PACKING pc=0x00000159cc84e014 sp=0x0000000864afeac0
Event: 714.644 Thread 0x00000159ec607660 DEOPT UNPACKING pc=0x00000159caed2b43 sp=0x0000000864afdf68 mode 0

Classes loaded (20 events):
Event: 138.206 Loading class jdk/internal/icu/impl/UCharacterProperty$1
Event: 138.206 Loading class jdk/internal/icu/impl/UCharacterProperty$BiDiIntProperty
Event: 138.206 Loading class jdk/internal/icu/impl/UCharacterProperty$IntProperty
Event: 138.207 Loading class jdk/internal/icu/impl/UCharacterProperty$IntProperty done
Event: 138.207 Loading class jdk/internal/icu/impl/UCharacterProperty$BiDiIntProperty done
Event: 138.207 Loading class jdk/internal/icu/impl/UCharacterProperty$1 done
Event: 138.209 Loading class jdk/internal/icu/impl/UCharacterProperty$IsAcceptable
Event: 138.209 Loading class jdk/internal/icu/impl/UCharacterProperty$IsAcceptable done
Event: 138.209 Loading class jdk/internal/icu/impl/Trie2_16
Event: 138.209 Loading class jdk/internal/icu/impl/Trie2
Event: 138.210 Loading class jdk/internal/icu/impl/Trie2 done
Event: 138.210 Loading class jdk/internal/icu/impl/Trie2_16 done
Event: 138.210 Loading class jdk/internal/icu/impl/Trie2$1
Event: 138.210 Loading class jdk/internal/icu/impl/Trie2$ValueMapper
Event: 138.210 Loading class jdk/internal/icu/impl/Trie2$ValueMapper done
Event: 138.210 Loading class jdk/internal/icu/impl/Trie2$1 done
Event: 138.210 Loading class jdk/internal/icu/impl/Trie2$UTrie2Header
Event: 138.210 Loading class jdk/internal/icu/impl/Trie2$UTrie2Header done
Event: 138.240 Loading class java/nio/charset/IllegalCharsetNameException
Event: 138.240 Loading class java/nio/charset/IllegalCharsetNameException done

Classes unloaded (5 events):
Event: 84.490 Thread 0x00000159e1744280 Unloading class 0x000000080163a000 'org/apache/catalina/loader/JdbcLeakPrevention'
Event: 108.551 Thread 0x00000159e1744280 Unloading class 0x0000000801674000 'org/apache/catalina/loader/JdbcLeakPrevention'
Event: 118.262 Thread 0x00000159e1744280 Unloading class 0x000000080167c000 'org/apache/catalina/loader/JdbcLeakPrevention'
Event: 128.758 Thread 0x00000159e1744280 Unloading class 0x0000000801684800 'org/apache/catalina/loader/JdbcLeakPrevention'
Event: 703.932 Thread 0x00000159e1744280 Unloading class 0x0000000801772800 'org/apache/catalina/loader/JdbcLeakPrevention'

Classes redefined (16 events):
Event: 127.500 Thread 0x00000159e1744280 redefined class name=com.example.apigateway.service.ApigatewayService, count=1
Event: 127.500 Thread 0x00000159e1744280 redefined class name=com.example.apigateway.service.ApigatewayService, count=1
Event: 127.500 Thread 0x00000159e1744280 redefined class name=com.example.apigateway.service.ApigatewayService, count=1
Event: 127.500 Thread 0x00000159e1744280 redefined class name=com.example.apigateway.service.ApigatewayService, count=1
Event: 300.213 Thread 0x00000159e1744280 redefined class name=com.example.apigateway.service.ApigatewayService, count=2
Event: 300.213 Thread 0x00000159e1744280 redefined class name=com.example.apigateway.service.ApigatewayService, count=2
Event: 300.213 Thread 0x00000159e1744280 redefined class name=com.example.apigateway.service.ApigatewayService, count=2
Event: 300.213 Thread 0x00000159e1744280 redefined class name=com.example.apigateway.service.ApigatewayService, count=1
Event: 300.213 Thread 0x00000159e1744280 redefined class name=com.example.apigateway.service.ApigatewayService, count=2
Event: 714.675 Thread 0x00000159e1744280 redefined class name=com.example.apigateway.schedule.ApigatewaySchedule, count=1
Event: 714.675 Thread 0x00000159e1744280 redefined class name=com.example.apigateway.schedule.ApigatewaySchedule, count=1
Event: 714.675 Thread 0x00000159e1744280 redefined class name=com.example.apigateway.schedule.ApigatewaySchedule, count=1
Event: 714.675 Thread 0x00000159e1744280 redefined class name=com.example.apigateway.schedule.ApigatewaySchedule, count=1
Event: 714.675 Thread 0x00000159e1744280 redefined class name=com.example.apigateway.schedule.ApigatewaySchedule, count=1
Event: 714.675 Thread 0x00000159e1744280 redefined class name=com.example.apigateway.schedule.ApigatewaySchedule, count=1
Event: 714.675 Thread 0x00000159e1744280 redefined class name=com.example.apigateway.schedule.ApigatewaySchedule, count=1

Internal exceptions (20 events):
Event: 301.935 Thread 0x00000159e94b1910 Exception <a 'java/lang/InterruptedException'{0x0000000086400040}: sleep interrupted> (0x0000000086400040) 
thrown [s\open\src\hotspot\share\prims\jvm.cpp, line 3083]
Event: 301.999 Thread 0x00000159ec603300 Exception <a 'sun/nio/fs/WindowsException'{0x0000000088ba3740}> (0x0000000088ba3740) 
thrown [s\open\src\hotspot\share\prims\jni.cpp, line 516]
Event: 302.388 Thread 0x00000159ec603300 Exception <a 'java/lang/NoClassDefFoundError'{0x0000000084ef26b0}: org/flywaydb/core/Flyway> (0x0000000084ef26b0) 
thrown [s\open\src\hotspot\share\oops\constantPool.cpp, line 836]
Event: 302.389 Thread 0x00000159ec603300 Exception <a 'java/lang/NoClassDefFoundError'{0x0000000084ef2d00}: liquibase/integration/spring/SpringLiquibase> (0x0000000084ef2d00) 
thrown [s\open\src\hotspot\share\oops\constantPool.cpp, line 836]
Event: 302.394 Thread 0x00000159ec603300 Exception <a 'java/lang/NoClassDefFoundError'{0x0000000084d50c10}: org/jooq/DSLContext> (0x0000000084d50c10) 
thrown [s\open\src\hotspot\share\oops\constantPool.cpp, line 836]
Event: 302.395 Thread 0x00000159ec603300 Exception <a 'java/lang/NoClassDefFoundError'{0x0000000084d52198}: org/springframework/batch/core/repository/JobRepository> (0x0000000084d52198) 
thrown [s\open\src\hotspot\share\oops\constantPool.cpp, line 836]
Event: 302.395 Thread 0x00000159ec603300 Exception <a 'java/lang/NoClassDefFoundError'{0x0000000084d52830}: org/springframework/scheduling/quartz/SchedulerFactoryBean> (0x0000000084d52830) 
thrown [s\open\src\hotspot\share\oops\constantPool.cpp, line 836]
Event: 302.395 Thread 0x00000159ec603300 Exception <a 'java/lang/NoClassDefFoundError'{0x0000000084d52ea0}: org/springframework/session/jdbc/JdbcIndexedSessionRepository> (0x0000000084d52ea0) 
thrown [s\open\src\hotspot\share\oops\constantPool.cpp, line 836]
Event: 302.840 Thread 0x00000159ec603300 Exception <a 'java/net/BindException'{0x000000008485f7c8}: Address already in use: bind> (0x000000008485f7c8) 
thrown [s\open\src\hotspot\share\prims\jni.cpp, line 535]
Event: 302.840 Thread 0x00000159ec603300 Exception <a 'java/net/SocketException'{0x000000008485fb00}: Socket is not connected: shutdown> (0x000000008485fb00) 
thrown [s\open\src\hotspot\share\prims\jni.cpp, line 535]
Event: 703.917 Thread 0x00000159ec603ca0 Exception <a 'java/lang/InterruptedException'{0x0000000084b6f490}: sleep interrupted> (0x0000000084b6f490) 
thrown [s\open\src\hotspot\share\prims\jvm.cpp, line 3083]
Event: 703.976 Thread 0x00000159e94b3f90 Exception <a 'sun/nio/fs/WindowsException'{0x0000000088b84cf8}> (0x0000000088b84cf8) 
thrown [s\open\src\hotspot\share\prims\jni.cpp, line 516]
Event: 704.338 Thread 0x00000159e94b3f90 Exception <a 'java/lang/NoClassDefFoundError'{0x0000000084eea0d8}: org/flywaydb/core/Flyway> (0x0000000084eea0d8) 
thrown [s\open\src\hotspot\share\oops\constantPool.cpp, line 836]
Event: 704.338 Thread 0x00000159e94b3f90 Exception <a 'java/lang/NoClassDefFoundError'{0x0000000084eea728}: liquibase/integration/spring/SpringLiquibase> (0x0000000084eea728) 
thrown [s\open\src\hotspot\share\oops\constantPool.cpp, line 836]
Event: 704.342 Thread 0x00000159e94b3f90 Exception <a 'java/lang/NoClassDefFoundError'{0x0000000084d48600}: org/jooq/DSLContext> (0x0000000084d48600) 
thrown [s\open\src\hotspot\share\oops\constantPool.cpp, line 836]
Event: 704.343 Thread 0x00000159e94b3f90 Exception <a 'java/lang/NoClassDefFoundError'{0x0000000084d49b88}: org/springframework/batch/core/repository/JobRepository> (0x0000000084d49b88) 
thrown [s\open\src\hotspot\share\oops\constantPool.cpp, line 836]
Event: 704.343 Thread 0x00000159e94b3f90 Exception <a 'java/lang/NoClassDefFoundError'{0x0000000084d4a220}: org/springframework/scheduling/quartz/SchedulerFactoryBean> (0x0000000084d4a220) 
thrown [s\open\src\hotspot\share\oops\constantPool.cpp, line 836]
Event: 704.343 Thread 0x00000159e94b3f90 Exception <a 'java/lang/NoClassDefFoundError'{0x0000000084d4a890}: org/springframework/session/jdbc/JdbcIndexedSessionRepository> (0x0000000084d4a890) 
thrown [s\open\src\hotspot\share\oops\constantPool.cpp, line 836]
Event: 704.664 Thread 0x00000159e94b3f90 Exception <a 'java/net/BindException'{0x000000008474a8e0}: Address already in use: bind> (0x000000008474a8e0) 
thrown [s\open\src\hotspot\share\prims\jni.cpp, line 535]
Event: 704.665 Thread 0x00000159e94b3f90 Exception <a 'java/net/SocketException'{0x000000008474ac18}: Socket is not connected: shutdown> (0x000000008474ac18) 
thrown [s\open\src\hotspot\share\prims\jni.cpp, line 535]

VM Operations (20 events):
Event: 708.427 Executing VM operation: get/set locals
Event: 708.427 Executing VM operation: get/set locals done
Event: 708.427 Executing VM operation: get/set locals
Event: 708.427 Executing VM operation: get/set locals done
Event: 708.427 Executing VM operation: get/set locals
Event: 708.427 Executing VM operation: get/set locals done
Event: 708.428 Executing VM operation: get/set locals
Event: 708.428 Executing VM operation: get/set locals done
Event: 708.428 Executing VM operation: get/set locals
Event: 708.428 Executing VM operation: get/set locals done
Event: 709.659 Executing VM operation: get/set locals
Event: 709.659 Executing VM operation: get/set locals done
Event: 714.644 Executing VM operation: ChangeSingleStep
Event: 714.644 Executing VM operation: ChangeSingleStep done
Event: 714.644 Executing VM operation: ChangeSingleStep
Event: 714.644 Executing VM operation: ChangeSingleStep done
Event: 714.658 Executing VM operation: RedefineClasses
Event: 714.704 Executing VM operation: RedefineClasses done
Event: 714.705 Executing VM operation: ChangeSingleStep
Event: 714.705 Executing VM operation: ChangeSingleStep done

Events (20 events):
Event: 704.503 Thread 0x00000159e94b4460 Thread added: 0x00000159e94b4460
Event: 704.572 Thread 0x00000159e94b7950 Thread added: 0x00000159e94b7950
Event: 704.663 Thread 0x00000159e94b1440 Thread added: 0x00000159e94b1440
Event: 704.734 Thread 0x00000159e94b35f0 Thread added: 0x00000159e94b35f0
Event: 704.734 Thread 0x00000159e94b0100 Thread added: 0x00000159e94b0100
Event: 704.734 Thread 0x00000159e94b4930 Thread added: 0x00000159e94b4930
Event: 704.734 Thread 0x00000159e94b4e00 Thread added: 0x00000159e94b4e00
Event: 704.734 Thread 0x00000159e94b57a0 Thread added: 0x00000159e94b57a0
Event: 704.734 Thread 0x00000159e94b0aa0 Thread added: 0x00000159e94b0aa0
Event: 704.734 Thread 0x00000159e94b1910 Thread added: 0x00000159e94b1910
Event: 704.734 Thread 0x00000159e94b1de0 Thread added: 0x00000159e94b1de0
Event: 704.734 Thread 0x00000159e94b22b0 Thread added: 0x00000159e94b22b0
Event: 704.734 Thread 0x00000159ec609810 Thread added: 0x00000159ec609810
Event: 704.735 Thread 0x00000159ec603ca0 Thread added: 0x00000159ec603ca0
Event: 704.735 Thread 0x00000159ec6054b0 Thread added: 0x00000159ec6054b0
Event: 704.858 Thread 0x00000159ec607660 Thread added: 0x00000159ec607660
Event: 704.858 Thread 0x00000159edbb38e0 Thread exited: 0x00000159edbb38e0
Event: 704.869 Thread 0x00000159e94b3f90 Thread exited: 0x00000159e94b3f90
Event: 704.869 Thread 0x00000159e94b6610 Thread exited: 0x00000159e94b6610
Event: 709.652 Thread 0x00000159e94b4460 Thread exited: 0x00000159e94b4460


Dynamic libraries:
0x00007ff64e9b0000 - 0x00007ff64e9c0000 	C:\Program Files\Java\jdk-18.0.1.1\bin\javaw.exe
0x00007ffc46850000 - 0x00007ffc46a64000 	C:\WINDOWS\SYSTEM32\ntdll.dll
0x00007ffc45eb0000 - 0x00007ffc45f72000 	C:\WINDOWS\System32\KERNEL32.DLL
0x00007ffc43ff0000 - 0x00007ffc44393000 	C:\WINDOWS\System32\KERNELBASE.dll
0x00007ffc443a0000 - 0x00007ffc444b1000 	C:\WINDOWS\System32\ucrtbase.dll
0x00007ffc40f80000 - 0x00007ffc40f9a000 	C:\Program Files\Java\jdk-18.0.1.1\bin\VCRUNTIME140.dll
0x00007ffc32ea0000 - 0x00007ffc32eb8000 	C:\Program Files\Java\jdk-18.0.1.1\bin\jli.dll
0x00007ffc46650000 - 0x00007ffc466fe000 	C:\WINDOWS\System32\ADVAPI32.dll
0x00007ffc453e0000 - 0x00007ffc45487000 	C:\WINDOWS\System32\msvcrt.dll
0x00007ffc45170000 - 0x00007ffc45214000 	C:\WINDOWS\System32\sechost.dll
0x00007ffc45010000 - 0x00007ffc45127000 	C:\WINDOWS\System32\RPCRT4.dll
0x00007ffc462f0000 - 0x00007ffc4649a000 	C:\WINDOWS\System32\USER32.dll
0x00007ffc43e90000 - 0x00007ffc43eb6000 	C:\WINDOWS\System32\win32u.dll
0x00007ffc46620000 - 0x00007ffc46649000 	C:\WINDOWS\System32\GDI32.dll
0x00007ffc43d70000 - 0x00007ffc43e89000 	C:\WINDOWS\System32\gdi32full.dll
0x00007ffc2e330000 - 0x00007ffc2e5be000 	C:\WINDOWS\WinSxS\amd64_microsoft.windows.common-controls_6595b64144ccf1df_6.0.22621.1635_none_270f70857386168e\COMCTL32.dll
0x00007ffc43cd0000 - 0x00007ffc43d6a000 	C:\WINDOWS\System32\msvcp_win.dll
0x00007ffc3a3e0000 - 0x00007ffc3a3ea000 	C:\WINDOWS\SYSTEM32\VERSION.dll
0x00007ffc45130000 - 0x00007ffc45161000 	C:\WINDOWS\System32\IMM32.DLL
0x00007ffc40f70000 - 0x00007ffc40f7c000 	C:\Program Files\Java\jdk-18.0.1.1\bin\vcruntime140_1.dll
0x00007ffc20930000 - 0x00007ffc209bd000 	C:\Program Files\Java\jdk-18.0.1.1\bin\msvcp140.dll
0x00007ffbaa790000 - 0x00007ffbab3a0000 	C:\Program Files\Java\jdk-18.0.1.1\bin\server\jvm.dll
0x00007ffc46700000 - 0x00007ffc46708000 	C:\WINDOWS\System32\PSAPI.DLL
0x00007ffc40fb0000 - 0x00007ffc40fb9000 	C:\WINDOWS\SYSTEM32\WSOCK32.dll
0x00007ffc3c8c0000 - 0x00007ffc3c8f4000 	C:\WINDOWS\SYSTEM32\WINMM.dll
0x00007ffc44780000 - 0x00007ffc447f1000 	C:\WINDOWS\System32\WS2_32.dll
0x00007ffc42d40000 - 0x00007ffc42d58000 	C:\WINDOWS\SYSTEM32\kernel.appcore.dll
0x00007ffc3efa0000 - 0x00007ffc3efaa000 	C:\Program Files\Java\jdk-18.0.1.1\bin\jimage.dll
0x00007ffc36b80000 - 0x00007ffc36dae000 	C:\WINDOWS\SYSTEM32\DBGHELP.DLL
0x00007ffc459e0000 - 0x00007ffc45d69000 	C:\WINDOWS\System32\combase.dll
0x00007ffc446a0000 - 0x00007ffc44777000 	C:\WINDOWS\System32\OLEAUT32.dll
0x00007ffc30aa0000 - 0x00007ffc30ad2000 	C:\WINDOWS\SYSTEM32\dbgcore.DLL
0x00007ffc43c50000 - 0x00007ffc43cca000 	C:\WINDOWS\System32\bcryptPrimitives.dll
0x00007ffc40f30000 - 0x00007ffc40f6b000 	C:\Program Files\Java\jdk-18.0.1.1\bin\jdwp.dll
0x00007ffc32f20000 - 0x00007ffc32f2e000 	C:\Program Files\Java\jdk-18.0.1.1\bin\instrument.dll
0x00007ffc32ec0000 - 0x00007ffc32ee5000 	C:\Program Files\Java\jdk-18.0.1.1\bin\java.dll
0x00007ffc31280000 - 0x00007ffc31356000 	C:\Program Files\Java\jdk-18.0.1.1\bin\jsvml.dll
0x00007ffc44800000 - 0x00007ffc44ff9000 	C:\WINDOWS\System32\SHELL32.dll
0x00007ffc41c00000 - 0x00007ffc424ce000 	C:\WINDOWS\SYSTEM32\windows.storage.dll
0x00007ffc41ac0000 - 0x00007ffc41bfe000 	C:\WINDOWS\SYSTEM32\wintypes.dll
0x00007ffc46710000 - 0x00007ffc46801000 	C:\WINDOWS\System32\SHCORE.dll
0x00007ffc46220000 - 0x00007ffc4627e000 	C:\WINDOWS\System32\shlwapi.dll
0x00007ffc43b80000 - 0x00007ffc43ba6000 	C:\WINDOWS\SYSTEM32\profapi.dll
0x00007ffc37e60000 - 0x00007ffc37e6c000 	C:\Program Files\Java\jdk-18.0.1.1\bin\dt_socket.dll
0x00007ffc427a0000 - 0x00007ffc427cd000 	C:\WINDOWS\SYSTEM32\IPHLPAPI.DLL
0x00007ffc431b0000 - 0x00007ffc43219000 	C:\WINDOWS\system32\mswsock.dll
0x00007ffc42860000 - 0x00007ffc42953000 	C:\WINDOWS\SYSTEM32\DNSAPI.dll
0x00007ffc45ea0000 - 0x00007ffc45ea9000 	C:\WINDOWS\System32\NSI.dll
0x00007ffc3c570000 - 0x00007ffc3c57a000 	C:\Windows\System32\rasadhlp.dll
0x00007ffc3c4e0000 - 0x00007ffc3c564000 	C:\WINDOWS\System32\fwpuclnt.dll
0x00007ffc32e80000 - 0x00007ffc32e98000 	C:\Program Files\Java\jdk-18.0.1.1\bin\zip.dll
0x00007ffc32e60000 - 0x00007ffc32e73000 	C:\Program Files\Java\jdk-18.0.1.1\bin\net.dll
0x00007ffc3cbc0000 - 0x00007ffc3ccf7000 	C:\WINDOWS\SYSTEM32\WINHTTP.dll
0x00007ffc31260000 - 0x00007ffc31276000 	C:\Program Files\Java\jdk-18.0.1.1\bin\nio.dll
0x00007ffc32f10000 - 0x00007ffc32f20000 	C:\Program Files\Java\jdk-18.0.1.1\bin\verify.dll
0x00007ffc28d70000 - 0x00007ffc28d79000 	C:\Program Files\Java\jdk-18.0.1.1\bin\management.dll
0x00007ffc28bb0000 - 0x00007ffc28bbb000 	C:\Program Files\Java\jdk-18.0.1.1\bin\management_ext.dll
0x00007ffc3d570000 - 0x00007ffc3d589000 	C:\WINDOWS\SYSTEM32\dhcpcsvc6.DLL
0x00007ffc3c8a0000 - 0x00007ffc3c8bf000 	C:\WINDOWS\SYSTEM32\dhcpcsvc.DLL
0x00007ffc434d0000 - 0x00007ffc434eb000 	C:\WINDOWS\SYSTEM32\CRYPTSP.dll
0x00007ffc42cb0000 - 0x00007ffc42ce5000 	C:\WINDOWS\system32\rsaenh.dll
0x00007ffc43250000 - 0x00007ffc4327c000 	C:\WINDOWS\SYSTEM32\USERENV.dll
0x00007ffc43620000 - 0x00007ffc43648000 	C:\WINDOWS\SYSTEM32\bcrypt.dll
0x00007ffc434b0000 - 0x00007ffc434bc000 	C:\WINDOWS\SYSTEM32\CRYPTBASE.dll
0x00007ffc31bd0000 - 0x00007ffc31bde000 	C:\Program Files\Java\jdk-18.0.1.1\bin\sunmscapi.dll
0x00007ffc444c0000 - 0x00007ffc44627000 	C:\WINDOWS\System32\CRYPT32.dll
0x00007ffc435f0000 - 0x00007ffc4361e000 	C:\WINDOWS\SYSTEM32\ncrypt.dll
0x00007ffc43590000 - 0x00007ffc435c7000 	C:\WINDOWS\SYSTEM32\NTASN1.dll
0x00007ffc23750000 - 0x00007ffc23767000 	C:\WINDOWS\system32\napinsp.dll
0x00007ffc23700000 - 0x00007ffc2371b000 	C:\WINDOWS\system32\pnrpnsp.dll
0x00007ffc23660000 - 0x00007ffc23671000 	C:\WINDOWS\System32\winrnr.dll
0x00007ffc23640000 - 0x00007ffc23655000 	C:\WINDOWS\system32\wshbth.dll
0x00007ffc23610000 - 0x00007ffc23631000 	C:\WINDOWS\system32\nlansp_c.dll

dbghelp: loaded successfully - version: 4.0.5 - missing functions: none
symbol engine: initialized successfully - sym options: 0x614 - pdb path: .;C:\Program Files\Java\jdk-18.0.1.1\bin;C:\WINDOWS\SYSTEM32;C:\WINDOWS\WinSxS\amd64_microsoft.windows.common-controls_6595b64144ccf1df_6.0.22621.1635_none_270f70857386168e;C:\Program Files\Java\jdk-18.0.1.1\bin\server

VM Arguments:
jvm_args: -XX:+ShowCodeDetailsInExceptionMessages -agentlib:jdwp=transport=dt_socket,suspend=y,address=localhost:54719 -javaagent:C:\Users\vvpro\eclipse\java-2022-03\eclipse\configuration\org.eclipse.osgi\225\0\.cp\lib\javaagent-shaded.jar -Dfile.encoding=UTF-8 
java_command: com.example.apigateway.ApigatewayApplication
java_class_path (initial): C:\Users\vvpro\Documents\Dev\apigateway\target\classes;C:\Users\vvpro\.m2\repository\org\springframework\cloud\spring-cloud-starter-gateway\4.0.6\spring-cloud-starter-gateway-4.0.6.jar;C:\Users\vvpro\.m2\repository\org\springframework\cloud\spring-cloud-starter\4.0.3\spring-cloud-starter-4.0.3.jar;C:\Users\vvpro\.m2\repository\org\springframework\cloud\spring-cloud-context\4.0.3\spring-cloud-context-4.0.3.jar;C:\Users\vvpro\.m2\repository\org\springframework\security\spring-security-crypto\6.1.2\spring-security-crypto-6.1.2.jar;C:\Users\vvpro\.m2\repository\org\springframework\cloud\spring-cloud-commons\4.0.3\spring-cloud-commons-4.0.3.jar;C:\Users\vvpro\.m2\repository\org\springframework\security\spring-security-rsa\1.0.11.RELEASE\spring-security-rsa-1.0.11.RELEASE.jar;C:\Users\vvpro\.m2\repository\org\bouncycastle\bcpkix-jdk15on\1.69\bcpkix-jdk15on-1.69.jar;C:\Users\vvpro\.m2\repository\org\bouncycastle\bcprov-jdk15on\1.69\bcprov-jdk15on-1.69.jar;C:\Users\vvpro\.m2\repository\org\bouncycastle\bcutil-jdk15on\1.69\bcutil-jdk15on-1.69.jar;C:\Users\vvpro\.m2\repository\org\springframework\cloud\spring-cloud-gateway-server\4.0.6\spring-cloud-gateway-server-4.0.6.jar;C:\Users\vvpro\.m2\repository\org\springframework\boot\spring-boot-starter-validation\3.1.2\spring-boot-starter-validation-3.1.2.jar;C:\Users\vvpro\.m2\repository\org\hibernate\validator\hibernate-validator\8.0.1.Final\hibernate-validator-8.0.1.Final.jar;C:\Users\vvpro\.m2\repository\jakarta\validation\jakarta.validation-api\3.0.2\jakarta.validation-api-3.0.2.jar;C:\Users\vvpro\.m2\repository\io\projectreactor\addons\reactor-extra\3.5.1\reactor-extra-3.5.1.jar;C:\Users\vvpro\.m2\repository\io\projectreactor\reactor-core\3.5.8\reactor-core-3.5.8.jar;C:\Users\vvpro\.m2\repository\org\reactivestreams\reactive-streams\1.0.4\reactive-streams-1.0.4.jar;C:\Users\vvpro\.m2\repository\org\springframework\boot\spring-boot-starter-webflux\3.1.2\spring-boot-starter-webflux-3.1.2.jar;C:\Users\vvpro\.m2\repository\org\springframework\boot\spring-boot-starter-reactor-netty\3.1.2\spring-boot-starter-reactor-netty-3.1.2.jar;C:\Users\vvpro\.m2\repository\io\projectreactor\netty\reactor-netty-http\1.1.9\reactor-netty-http-1.1.9.jar;C:\Users\vvpro\.m2\repository\io\netty\netty-codec-http\4.1.94.Final\netty-codec-http-4.1.94.Final.jar;C:\Users\vvpro\.m2\repository\io\netty\netty-common\4.1.94.Final\netty-common-4.1.94.Final.jar;C:\Users\vvpro\.m2\repository\io\netty\netty-buffer\4.1.94.Final\netty-buffer-4.1.94.Final.jar;C:\Users\vvpro\.m2\repository\io\netty\netty-transport\4.1.94.Final\netty-transport-4.1.94.Final.jar;C:\Users\vvpro\.m2\repository\io\netty\netty-codec\4.1.94.Final\netty-codec-4.1.94.Final.jar;C:\Users\vvpro\.m2\repository\io\netty\netty-handler\4.1.94.Final\netty-handler-4.1.94.Final.jar;C:\Users\vvpro\.m2\repository\io\netty\netty-codec-http2\4.1.94.Final\netty-codec-http2-4.1.94.Final.jar;C:\Users\vvpro\.m2\repository\io\netty\netty-resolver-dns\4.1.94.Final\netty-resolver-dns-4.1.94.Final.jar;C:\Users\vvpro\.m2\repository\io\netty\netty-resolver\4.1.94.Final\netty-resolver-4.1.94.Final.jar;C:\Users\vvpro\.m2\repository\io\netty\netty-codec-dns\4.1.94.Final\netty-codec-dns-4.1.94.Final.jar;C:\Users\vvpro\.m2\repository\io\netty\netty-resolver-dns-native-macos\4.1.94.Final\netty-resolver-dns-native-macos-4.1.94.Final-osx-x86_64.jar;C:\Users\vvpro\.m2\repository\io\netty\netty-resolver-dns-classes-macos\4.1.94.Final\netty-resolver-dns-classes-macos-4.1.94.Final.jar;C:\Users\vvpro\.m2\repository\io\netty\netty-transport-native-epoll\4.1.94.Final\netty-transport-native-epoll-4.1.94.Final-linux-x86_64.jar;C:\Users\vvpro\.m2\repository\io\netty\netty-transport-native-unix-common\4.1.94.Final\netty-transport-native-unix-common-4.1.94.Final.jar;C:\Users\vvpro\.m2\repository\io\netty\netty-transport-classes-epoll\4.1.94.Final\netty-transport-classes-epoll-4.1.94.Final.jar;C:\Users\vvpro\.m2\repository\io\projectreactor\netty\reactor-netty-core\1.1.9\reactor-netty-core-1.1.9.jar;C:\Users\vvpro\.m2\repository\io\netty\netty-handler-proxy\4.1.94.Final\netty-handler-proxy-4.1.94.Final.jar;C:\Users\vvpro\.m2\repository\io\netty\netty-codec-socks\4.1.94.Final\netty-codec-socks-4.1.94.Final.jar;C:\Users\vvpro\.m2\repository\org\springframework\spring-webflux\6.0.11\spring-webflux-6.0.11.jar;C:\Users\vvpro\.m2\repository\org\springframework\boot\spring-boot-starter\3.1.2\spring-boot-starter-3.1.2.jar;C:\Users\vvpro\.m2\repository\org\springframework\boot\spring-boot-starter-logging\3.1.2\spring-boot-starter-logging-3.1.2.jar;C:\Users\vvpro\.m2\repository\ch\qos\logback\logback-classic\1.4.8\logback-classic-1.4.8.jar;C:\Users\vvpro\.m2\repository\ch\qos\logback\logback-core\1.4.8\logback-core-1.4.8.jar;C:\Users\vvpro\.m2\repository\org\apache\logging\log4j\log4j-to-slf4j\2.20.0\log4j-to-slf4j-2.20.0.jar;C:\Users\vvpro\.m2\repository\org\apache\logging\log4j\log4j-api\2.20.0\log4j-api-2.20.0.jar;C:\Users\vvpro\.m2\repository\org\slf4j\jul-to-slf4j\2.0.7\jul-to-slf4j-2.0.7.jar;C:\Users\vvpro\.m2\repository\jakarta\annotation\jakarta.annotation-api\2.1.1\jakarta.annotation-api-2.1.1.jar;C:\Users\vvpro\.m2\repository\org\yaml\snakeyaml\1.33\snakeyaml-1.33.jar;C:\Users\vvpro\.m2\repository\jakarta\xml\bind\jakarta.xml.bind-api\4.0.0\jakarta.xml.bind-api-4.0.0.jar;C:\Users\vvpro\.m2\repository\jakarta\activation\jakarta.activation-api\2.1.2\jakarta.activation-api-2.1.2.jar;C:\Users\vvpro\.m2\repository\org\springframework\spring-core\6.0.11\spring-core-6.0.11.jar;C:\Users\vvpro\.m2\repository\org\springframework\spring-jcl\6.0.11\spring-jcl-6.0.11.jar;C:\Users\vvpro\.m2\repository\org\springframework\boot\spring-boot-starter-data-jpa\3.1.2\spring-boot-starter-data-jpa-3.1.2.jar;C:\Users\vvpro\.m2\repository\org\springframework\boot\spring-boot-starter-aop\3.1.2\spring-boot-starter-aop-3.1.2.jar;C:\Users\vvpro\.m2\repository\org\springframework\spring-aop\6.0.11\spring-aop-6.0.11.jar;C:\Users\vvpro\.m2\repository\org\aspectj\aspectjweaver\1.9.19\aspectjweaver-1.9.19.jar;C:\Users\vvpro\.m2\repository\org\springframework\boot\spring-boot-starter-jdbc\3.1.2\spring-boot-starter-jdbc-3.1.2.jar;C:\Users\vvpro\.m2\repository\com\zaxxer\HikariCP\5.0.1\HikariCP-5.0.1.jar;C:\Users\vvpro\.m2\repository\org\springframework\spring-jdbc\6.0.11\spring-jdbc-6.0.11.jar;C:\Users\vvpro\.m2\repository\org\hibernate\orm\hibernate-core\6.2.6.Final\hibernate-core-6.2.6.Final.jar;C:\Users\vvpro\.m2\repository\jakarta\persistence\jakarta.persistence-api\3.1.0\jakarta.persistence-api-3.1.0.jar;C:\Users\vvpro\.m2\repository\jakarta\transaction\jakarta.transaction-api\2.0.1\jakarta.transaction-api-2.0.1.jar;C:\Users\vvpro\.m2\repository\org\jboss\logging\jboss-logging\3.5.3.Final\jboss-logging-3.5.3.Final.jar;C:\Users\vvpro\.m2\repository\org\hibernate\common\hibernate-commons-annotations\6.0.6.Final\hibernate-commons-annotations-6.0.6.Final.jar;C:\Users\vvpro\.m2\repository\io\smallrye\jandex\3.0.5\jandex-3.0.5.jar;C:\Users\vvpro\.m2\repository\com\fasterxml\classmate\1.5.1\classmate-1.5.1.jar;C:\Users\vvpro\.m2\repository\org\glassfish\jaxb\jaxb-runtime\4.0.3\jaxb-runtime-4.0.3.jar;C:\Users\vvpro\.m2\repository\org\glassfish\jaxb\jaxb-core\4.0.3\jaxb-core-4.0.3.jar;C:\Users\vvpro\.m2\repository\org\eclipse\angus\angus-activation\2.0.1\angus-activation-2.0.1.jar;C:\Users\vvpro\.m2\repository\org\glassfish\jaxb\txw2\4.0.3\txw2-4.0.3.jar;C:\Users\vvpro\.m2\repository\com\sun\istack\istack-commons-runtime\4.1.2\istack-commons-runtime-4.1.2.jar;C:\Users\vvpro\.m2\repository\jakarta\inject\jakarta.inject-api\2.0.1\jakarta.inject-api-2.0.1.jar;C:\Users\vvpro\.m2\repository\org\antlr\antlr4-runtime\4.10.1\antlr4-runtime-4.10.1.jar;C:\Users\vvpro\.m2\repository\org\springframework\data\spring-data-jpa\3.1.2\spring-data-jpa-3.1.2.jar;C:\Users\vvpro\.m2\repository\org\springframework\data\spring-data-commons\3.1.2\spring-data-commons-3.1.2.jar;C:\Users\vvpro\.m2\repository\org\springframework\spring-orm\6.0.11\spring-orm-6.0.11.jar;C:\Users\vvpro\.m2\repository\org\springframework\spring-context\6.0.11\spring-context-6.0.11.jar;C:\Users\vvpro\.m2\repository\org\springframework\spring-tx\6.0.11\spring-tx-6.0.11.jar;C:\Users\vvpro\.m2\repository\org\springframework\spring-beans\6.0.11\spring-beans-6.0.11.jar;C:\Users\vvpro\.m2\repository\org\springframework\spring-aspects\6.0.11\spring-aspects-6.0.11.jar;C:\Users\vvpro\.m2\repository\org\springframework\boot\spring-boot-starter-web\3.1.2\spring-boot-starter-web-3.1.2.jar;C:\Users\vvpro\.m2\repository\org\springframework\boot\spring-boot-starter-json\3.1.2\spring-boot-starter-json-3.1.2.jar;C:\Users\vvpro\.m2\repository\com\fasterxml\jackson\core\jackson-databind\2.15.2\jackson-databind-2.15.2.jar;C:\Users\vvpro\.m2\repository\com\fasterxml\jackson\core\jackson-annotations\2.15.2\jackson-annotations-2.15.2.jar;C:\Users\vvpro\.m2\repository\com\fasterxml\jackson\core\jackson-core\2.15.2\jackson-core-2.15.2.jar;C:\Users\vvpro\.m2\repository\com\fasterxml\jackson\datatype\jackson-datatype-jdk8\2.15.2\jackson-datatype-jdk8-2.15.2.jar;C:\Users\vvpro\.m2\repository\com\fasterxml\jackson\datatype\jackson-datatype-jsr310\2.15.2\jackson-datatype-jsr310-2.15.2.jar;C:\Users\vvpro\.m2\repository\com\fasterxml\jackson\module\jackson-module-parameter-names\2.15.2\jackson-module-parameter-names-2.15.2.jar;C:\Users\vvpro\.m2\repository\org\springframework\boot\spring-boot-starter-tomcat\3.1.2\spring-boot-starter-tomcat-3.1.2.jar;C:\Users\vvpro\.m2\repository\org\apache\tomcat\embed\tomcat-embed-core\10.1.11\tomcat-embed-core-10.1.11.jar;C:\Users\vvpro\.m2\repository\org\apache\tomcat\embed\tomcat-embed-el\10.1.11\tomcat-embed-el-10.1.11.jar;C:\Users\vvpro\.m2\repository\org\apache\tomcat\embed\tomcat-embed-websocket\10.1.11\tomcat-embed-websocket-10.1.11.jar;C:\Users\vvpro\.m2\repository\org\springframework\spring-web\6.0.11\spring-web-6.0.11.jar;C:\Users\vvpro\.m2\repository\io\micrometer\micrometer-observation\1.11.2\micrometer-observation-1.11.2.jar;C:\Users\vvpro\.m2\repository\io\micrometer\micrometer-commons\1.11.2\micrometer-commons-1.11.2.jar;C:\Users\vvpro\.m2\repository\org\springframework\spring-webmvc\6.0.11\spring-webmvc-6.0.11.jar;C:\Users\vvpro\.m2\repository\org\springframework\spring-expression\6.0.11\spring-expression-6.0.11.jar;C:\Users\vvpro\.m2\repository\org\springframework\boot\spring-boot-devtools\3.1.2\spring-boot-devtools-3.1.2.jar;C:\Users\vvpro\.m2\repository\org\springframework\boot\spring-boot\3.1.2\spring-boot-3.1.2.jar;C:\Users\vvpro\.m2\repository\org\springframework\boot\spring-boot-autoconfigure\3.1.2\spring-boot-autoconfigure-3.1.2.jar;C:\Users\vvpro\.m2\repository\org\projectlombok\lombok\1.18.28\lombok-1.18.28.jar;C:\Users\vvpro\.m2\repository\org\mindrot\jbcrypt\0.4\jbcrypt-0.4.jar;C:\Users\vvpro\.m2\repository\org\mockito\mockito-core\4.8.1\mockito-core-4.8.1.jar;C:\Users\vvpro\.m2\repository\net\bytebuddy\byte-buddy\1.14.5\byte-buddy-1.14.5.jar;C:\Users\vvpro\.m2\repository\net\bytebuddy\byte-buddy-agent\1.14.5\byte-buddy-agent-1.14.5.jar;C:\Users\vvpro\.m2\repository\org\objenesis\objenesis\3.2\objenesis-3.2.jar;C:\Users\vvpro\.m2\repository\org\springframework\boot\spring-boot-starter-websocket\3.1.2\spring-boot-starter-websocket-3.1.2.jar;C:\Users\vvpro\.m2\repository\org\springframework\spring-messaging\6.0.11\spring-messaging-6.0.11.jar;C:\Users\vvpro\.m2\repository\org\springframework\spring-websocket\6.0.11\spring-websocket-6.0.11.jar;C:\Users\vvpro\.m2\repository\mysql\mysql-connector-java\8.0.26\mysql-connector-java-8.0.26.jar;C:\Users\vvpro\.m2\repository\com\google\protobuf\protobuf-java\3.11.4\protobuf-java-3.11.4.jar;C:\Users\vvpro\.m2\repository\org\quartz-scheduler\quartz\2.3.2\quartz-2.3.2.jar;C:\Users\vvpro\.m2\repository\com\mchange\mchange-commons-java\0.2.15\mchange-commons-java-0.2.15.jar;C:\Users\vvpro\.m2\repository\org\slf4j\slf4j-api\2.0.7\slf4j-api-2.0.7.jar
Launcher Type: SUN_STANDARD

[Global flags]
     intx CICompilerCount                          = 4                                         {product} {ergonomic}
     uint ConcGCThreads                            = 2                                         {product} {ergonomic}
     uint G1ConcRefinementThreads                  = 8                                         {product} {ergonomic}
   size_t G1HeapRegionSize                         = 1048576                                   {product} {ergonomic}
    uintx GCDrainStackTargetSize                   = 64                                        {product} {ergonomic}
   size_t InitialHeapSize                          = 134217728                                 {product} {ergonomic}
   size_t MarkStackSize                            = 4194304                                   {product} {ergonomic}
   size_t MaxHeapSize                              = 2134900736                                {product} {ergonomic}
   size_t MaxNewSize                               = 1280311296                                {product} {ergonomic}
   size_t MinHeapDeltaBytes                        = 1048576                                   {product} {ergonomic}
   size_t MinHeapSize                              = 8388608                                   {product} {ergonomic}
    uintx NonNMethodCodeHeapSize                   = 5839372                                {pd product} {ergonomic}
    uintx NonProfiledCodeHeapSize                  = 122909434                              {pd product} {ergonomic}
    uintx ProfiledCodeHeapSize                     = 122909434                              {pd product} {ergonomic}
    uintx ReservedCodeCacheSize                    = 251658240                              {pd product} {ergonomic}
     bool SegmentedCodeCache                       = true                                      {product} {ergonomic}
     bool ShowCodeDetailsInExceptionMessages       = true                                   {manageable} {command line}
   size_t SoftMaxHeapSize                          = 2134900736                             {manageable} {ergonomic}
     bool UseCompressedClassPointers               = true                           {product lp64_product} {ergonomic}
     bool UseCompressedOops                        = true                           {product lp64_product} {ergonomic}
     bool UseG1GC                                  = true                                      {product} {ergonomic}
     bool UseLargePagesIndividualAllocation        = false                                  {pd product} {ergonomic}

Logging:
Log output configuration:
 #0: stdout all=warning uptime,level,tags foldmultilines=false
 #1: stderr all=off uptime,level,tags foldmultilines=false

Environment Variables:
JAVA_HOME=C:\Program Files\Java\jdk-18.0.1.1
PATH=C:/Program Files/Java/jdk-18.0.1.1/bin/server;C:/Program Files/Java/jdk-18.0.1.1/bin;C:\Program Files (x86)\Common Files\Intel\Shared Libraries\redist\intel64_win\compiler;C:\WINDOWS\system32;C:\WINDOWS;C:\WINDOWS\System32\Wbem;C:\WINDOWS\System32\WindowsPowerShell\v1.0\;C:\WINDOWS\System32\OpenSSH\;C:\ProgramData\chocolatey\bin;C:\Program Files\Docker\Docker\resources\bin;C:\ProgramData\DockerDesktop\version-bin;C:\Program Files\Apache\maven\bin;C:\Program Files\Git\cmd;C:\Program Files\Dart\dart-sdk\bin;C:\Program Files\nodejs\;C:\Users\vvpro\AppData\Local\Microsoft\WindowsApps;C:\Users\vvpro\AppData\Local\Programs\Microsoft VS Code\bin;C:\Users\vvpro\AppData\Local\GitHubDesktop\bin;C:\Program Files\JetBrains\IntelliJ IDEA 2022.1\bin;;;C:\Program Files\JetBrains\IntelliJ IDEA Community Edition 2022.2.2\bin;;C:\tools\dart-sdk\bin;C:\Users\vvpro\AppData\Roaming\Pub\Cache\bin;C:\Users\vvpro\AppData\Roaming\npm;C:\WINDOWS\system32;
USERNAME=vvpro
OS=Windows_NT
PROCESSOR_IDENTIFIER=AMD64 Family 23 Model 113 Stepping 0, AuthenticAMD



---------------  S Y S T E M  ---------------

OS:
 Windows 11 , 64 bit Build 22621 (10.0.22621.1928)
OS uptime: 0 days 7:00 hours
Hyper-V role detected

CPU: total 8 (initial active 8) (8 cores per cpu, 2 threads per core) family 23 model 113 stepping 0 microcode 0x0, cx8, cmov, fxsr, ht, mmx, 3dnowpref, sse, sse2, sse3, ssse3, sse4a, sse4.1, sse4.2, popcnt, lzcnt, tsc, tscinvbit, avx, avx2, aes, clmul, bmi1, bmi2, adx, sha, fma, vzeroupper, clflush, clflushopt, hv

Memory: 4k page, system-wide physical 8143M (540M free)
TotalPageFile size 17888M (AvailPageFile size 2594M)
current process WorkingSet (physical memory assigned to process): 314M, peak: 390M
current process commit charge ("private bytes"): 351M, peak: 428M

vm_info: Java HotSpot(TM) 64-Bit Server VM (18.0.1.1+2-6) for windows-amd64 JRE (18.0.1.1+2-6), built on Apr 25 2022 21:53:15 by "mach5one" with MS VC++ 16.8 / 16.9 (VS2019)

END.
